#
# There is insufficient memory for the Java Runtime Environment to continue.
# Native memory allocation (malloc) failed to allocate 1048576 bytes for AllocateHeap
# Possible reasons:
#   The system is out of physical RAM or swap space
#   The process is running with CompressedOops enabled, and the Java Heap may be blocking the growth of the native heap
# Possible solutions:
#   Reduce memory load on the system
#   Increase physical memory or swap space
#   Check if swap backing store is full
#   Decrease Java heap size (-Xmx/-Xms)
#   Decrease number of Java threads
#   Decrease Java thread stack sizes (-Xss)
#   Set larger code cache with -XX:ReservedCodeCacheSize=
#   JVM is running with Zero Based Compressed Oops mode in which the Java heap is
#     placed in the first 32GB address space. The Java Heap base address is the
#     maximum limit for the native heap growth. Please use -XX:HeapBaseMinAddress
#     to set the Java Heap base and to place the Java Heap above 32GB virtual address.
# This output file may be truncated or incomplete.
#
#  Out of Memory Error (allocation.cpp:44), pid=18780, tid=14304
#
# JRE version:  (21.0.2+13) (build )
# Java VM: Java HotSpot(TM) 64-Bit Server VM (21.0.2+13-LTS-58, mixed mode, sharing, tiered, compressed oops, compressed class ptrs, g1 gc, windows-amd64)
# No core dump will be written. Minidumps are not enabled by default on client versions of Windows
#

---------------  S U M M A R Y ------------

Command Line: -Dfile.encoding=utf8 c:\Users\user\.cursor\extensions\vscjava.vscode-gradle-3.15.0-universal\lib\gradle-language-server.jar

Host: 11th Gen Intel(R) Core(TM) i5-11300H @ 3.10GHz, 8 cores, 15G,  Windows 11 , 64 bit Build 26100 (10.0.26100.4768)
Time: Sun Aug  3 13:16:34 2025 Middle East Daylight Time elapsed time: 0.085973 seconds (0d 0h 0m 0s)

---------------  T H R E A D  ---------------

Current thread (0x000001ea8ef8b9b0):  JavaThread "Unknown thread" [_thread_in_vm, id=14304, stack(0x0000001a93300000,0x0000001a93400000) (1024K)]

Stack: [0x0000001a93300000,0x0000001a93400000]
Native frames: (J=compiled Java code, j=interpreted, Vv=VM code, C=native code)
V  [jvm.dll+0x6cade9]
V  [jvm.dll+0x8569c1]
V  [jvm.dll+0x858d2e]
V  [jvm.dll+0x859413]
V  [jvm.dll+0x280e56]
V  [jvm.dll+0xbeb17]
V  [jvm.dll+0x331af5]
V  [jvm.dll+0x32a141]
V  [jvm.dll+0x81efa9]
V  [jvm.dll+0x3bba01]
V  [jvm.dll+0x807928]
V  [jvm.dll+0x44f50e]
V  [jvm.dll+0x450e11]
C  [jli.dll+0x52a3]
C  [ucrtbase.dll+0x37b0]
C  [KERNEL32.DLL+0x2e8d7]
C  [ntdll.dll+0x3c34c]


---------------  P R O C E S S  ---------------

Threads class SMR info:
_java_thread_list=0x00007ff96107bb88, length=0, elements={
}

Java Threads: ( => current thread )
Total: 0

Other Threads:
  0x000001ea911a1f60 WorkerThread "GC Thread#0"                     [id=9612, stack(0x0000001a93400000,0x0000001a93500000) (1024K)]

[error occurred during error reporting (printing all threads), id 0xc0000005, EXCEPTION_ACCESS_VIOLATION (0xc0000005) at pc=0x00007ff9607e6680]
VM state: not at safepoint (not fully initialized)

VM Mutex/Monitor currently owned by a thread:  ([mutex/lock_event])
[0x00007ff9610ece68] Heap_lock - owner thread: 0x000001ea8ef8b9b0

Heap address: 0x0000000703600000, size: 4042 MB, Compressed Oops mode: Zero based, Oop shift amount: 3

CDS archive(s) mapped at: [0x0000000000000000-0x0000000000000000-0x0000000000000000), size 0, SharedBaseAddress: 0x0000000800000000, ArchiveRelocationMode: 1.
Narrow klass base: 0x0000000000000000, Narrow klass shift: 0, Narrow klass range: 0x0

GC Precious Log:
 CardTable entry size: 512
 Card Set container configuration: InlinePtr #cards 4 size 8 Array Of Cards #cards 16 size 48 Howl #buckets 8 coarsen threshold 3686 Howl Bitmap #cards 512 size 80 coarsen threshold 460 Card regions per heap region 1 cards per card region 4096

Heap:
 garbage-first heap   total 0K, used 0K [0x0000000703600000, 0x0000000800000000)
  region size 2048K, 0 young (0K), 0 survivors (0K)

[error occurred during error reporting (printing heap information), id 0xc0000005, EXCEPTION_ACCESS_VIOLATION (0xc0000005) at pc=0x00007ff960bd39f9]
GC Heap History (0 events):
No events

Dll operation events (1 events):
Event: 0.058 Loaded shared library C:\Program Files\Java\jdk-21\bin\java.dll

Deoptimization events (0 events):
No events

Classes loaded (0 events):
No events

Classes unloaded (0 events):
No events

Classes redefined (0 events):
No events

Internal exceptions (0 events):
No events

ZGC Phase Switch (0 events):
No events

VM Operations (0 events):
No events

Events (0 events):
No events


Dynamic libraries:
0x00007ff636bb0000 - 0x00007ff636bc0000 	C:\Program Files\Java\jdk-21\bin\java.exe
0x00007ffa2f1a0000 - 0x00007ffa2f407000 	C:\WINDOWS\SYSTEM32\ntdll.dll
0x00007ffa2de60000 - 0x00007ffa2df29000 	C:\WINDOWS\System32\KERNEL32.DLL
0x00007ffa2c5d0000 - 0x00007ffa2c9c0000 	C:\WINDOWS\System32\KERNELBASE.dll
0x00007ffa27d50000 - 0x00007ffa27dee000 	C:\WINDOWS\SYSTEM32\apphelp.dll
0x00007ffa2cb40000 - 0x00007ffa2cc8b000 	C:\WINDOWS\System32\ucrtbase.dll
0x00007ffa217b0000 - 0x00007ffa217c9000 	C:\Program Files\Java\jdk-21\bin\jli.dll
0x00007ffa2ee90000 - 0x00007ffa2ef44000 	C:\WINDOWS\System32\ADVAPI32.dll
0x00007ffa2e250000 - 0x00007ffa2e2f9000 	C:\WINDOWS\System32\msvcrt.dll
0x00007ffa2d5f0000 - 0x00007ffa2d696000 	C:\WINDOWS\System32\sechost.dll
0x00007ffa2db50000 - 0x00007ffa2dc68000 	C:\WINDOWS\System32\RPCRT4.dll
0x00007ffa20fe0000 - 0x00007ffa20ffb000 	C:\Program Files\Java\jdk-21\bin\VCRUNTIME140.dll
0x00007ffa2e3a0000 - 0x00007ffa2e565000 	C:\WINDOWS\System32\USER32.dll
0x00007ffa2cb10000 - 0x00007ffa2cb37000 	C:\WINDOWS\System32\win32u.dll
0x00007ffa2f130000 - 0x00007ffa2f15b000 	C:\WINDOWS\System32\GDI32.dll
0x00007ffa2c9d0000 - 0x00007ffa2cb08000 	C:\WINDOWS\System32\gdi32full.dll
0x00007ffa15e30000 - 0x00007ffa160ca000 	C:\WINDOWS\WinSxS\amd64_microsoft.windows.common-controls_6595b64144ccf1df_6.0.26100.4768_none_3e0c112ce331287c\COMCTL32.dll
0x00007ffa2ce80000 - 0x00007ffa2cf23000 	C:\WINDOWS\System32\msvcp_win.dll
0x00007ffa22f40000 - 0x00007ffa22f4b000 	C:\WINDOWS\SYSTEM32\VERSION.dll
0x00007ffa2ee50000 - 0x00007ffa2ee7f000 	C:\WINDOWS\System32\IMM32.DLL
0x00007ff9d5da0000 - 0x00007ff9d5dac000 	C:\Program Files\Java\jdk-21\bin\vcruntime140_1.dll
0x00007ff991ca0000 - 0x00007ff991d2e000 	C:\Program Files\Java\jdk-21\bin\msvcp140.dll
0x00007ff9604b0000 - 0x00007ff9611c7000 	C:\Program Files\Java\jdk-21\bin\server\jvm.dll
0x00007ffa2efb0000 - 0x00007ffa2f024000 	C:\WINDOWS\System32\WS2_32.dll
0x00007ffa2c130000 - 0x00007ffa2c18e000 	C:\WINDOWS\SYSTEM32\POWRPROF.dll
0x00007ffa1df40000 - 0x00007ffa1df75000 	C:\WINDOWS\SYSTEM32\WINMM.dll
0x00007ffa2c110000 - 0x00007ffa2c124000 	C:\WINDOWS\SYSTEM32\UMPDC.dll
0x00007ffa2b050000 - 0x00007ffa2b06b000 	C:\WINDOWS\SYSTEM32\kernel.appcore.dll
0x00007ff9d5d90000 - 0x00007ff9d5d9a000 	C:\Program Files\Java\jdk-21\bin\jimage.dll
0x00007ffa29770000 - 0x00007ffa299b1000 	C:\WINDOWS\SYSTEM32\DBGHELP.DLL
0x00007ffa2cf30000 - 0x00007ffa2d2b5000 	C:\WINDOWS\System32\combase.dll
0x00007ffa2f040000 - 0x00007ffa2f120000 	C:\WINDOWS\System32\OLEAUT32.dll
0x00007ff9fd020000 - 0x00007ff9fd063000 	C:\WINDOWS\SYSTEM32\dbgcore.DLL
0x00007ffa2cd20000 - 0x00007ffa2cdb9000 	C:\WINDOWS\System32\bcryptPrimitives.dll
0x00007ff9d51c0000 - 0x00007ff9d51df000 	C:\Program Files\Java\jdk-21\bin\java.dll

dbghelp: loaded successfully - version: 4.0.5 - missing functions: none
symbol engine: initialized successfully - sym options: 0x614 - pdb path: .;C:\Program Files\Java\jdk-21\bin;C:\WINDOWS\SYSTEM32;C:\WINDOWS\WinSxS\amd64_microsoft.windows.common-controls_6595b64144ccf1df_6.0.26100.4768_none_3e0c112ce331287c;C:\Program Files\Java\jdk-21\bin\server

VM Arguments:
jvm_args: -Dfile.encoding=utf8 
java_command: c:\Users\user\.cursor\extensions\vscjava.vscode-gradle-3.15.0-universal\lib\gradle-language-server.jar
java_class_path (initial): c:\Users\user\.cursor\extensions\vscjava.vscode-gradle-3.15.0-universal\lib\gradle-language-server.jar
Launcher Type: SUN_STANDARD

[Global flags]
     intx CICompilerCount                          = 4                                         {product} {ergonomic}
     uint ConcGCThreads                            = 2                                         {product} {ergonomic}
     uint G1ConcRefinementThreads                  = 8                                         {product} {ergonomic}
   size_t G1HeapRegionSize                         = 2097152                                   {product} {ergonomic}
    uintx GCDrainStackTargetSize                   = 64                                        {product} {ergonomic}
   size_t InitialHeapSize                          = 266338304                                 {product} {ergonomic}
   size_t MarkStackSize                            = 4194304                                   {product} {ergonomic}
   size_t MaxHeapSize                              = 4238344192                                {product} {ergonomic}
   size_t MinHeapDeltaBytes                        = 2097152                                   {product} {ergonomic}
   size_t MinHeapSize                              = 8388608                                   {product} {ergonomic}
    uintx NonNMethodCodeHeapSize                   = 5839372                                {pd product} {ergonomic}
    uintx NonProfiledCodeHeapSize                  = 122909434                              {pd product} {ergonomic}
    uintx ProfiledCodeHeapSize                     = 122909434                              {pd product} {ergonomic}
    uintx ReservedCodeCacheSize                    = 251658240                              {pd product} {ergonomic}
     bool SegmentedCodeCache                       = true                                      {product} {ergonomic}
   size_t SoftMaxHeapSize                          = 4238344192                             {manageable} {ergonomic}
     bool UseCompressedOops                        = true                           {product lp64_product} {ergonomic}
     bool UseG1GC                                  = true                                      {product} {ergonomic}
     bool UseLargePagesIndividualAllocation        = false                                  {pd product} {ergonomic}

Logging:
Log output configuration:
 #0: stdout all=warning uptime,level,tags foldmultilines=false
 #1: stderr all=off uptime,level,tags foldmultilines=false

Environment Variables:
JAVA_HOME=C:\Program Files\Java\jdk-21
PATH=C:\Program Files\Common Files\Oracle\Java\javapath;C:\Program Files (x86)\VMware\VMware Player\bin\;C:\Program Files\Python311\Scripts\;C:\Program Files\Python311\;C:\Program Files\Microsoft\jdk-11.0.16.101-hotspot\bin;C:\Windows;C:\Windows\System32\Wbem;C:\Windows\System32\WindowsPowerShell\v1.0\;C:\Windows\System32\OpenSSH\;C:\Program Files (x86)\NVIDIA Corporation\PhysX\Common;C:\WINDOWS\system32;C:\WINDOWS;C:\WINDOWS\System32\Wbem;C:\WINDOWS\System32\WindowsPowerShell\v1.0\;C:\WINDOWS\System32\OpenSSH\;C:\MinGW\bin;C:\Program Files\Java\jdk-21\bin;C:\Program Files (x86)\Microsoft SQL Server\160\Tools\Binn\;C:\Program Files\Microsoft SQL Server\160\Tools\Binn\;C:\Program Files\Microsoft SQL Server\Client SDK\ODBC\170\Tools\Binn\;C:\Program Files\Microsoft SQL Server\160\DTS\Binn\;C:\Program Files (x86)\Microsoft SQL Server\160\DTS\Binn\;C:\Program Files\Azure Data Studio\bin;C:\Program Files\NVIDIA Corporation\NVIDIA app\NvDLISR;C:\Program Files\Git\cmd;C:\Program Files\Microsoft SQL Server\150\Tools\Binn\;C:\Program Files\dotnet\;C:\Program Files (x86)\Windows Kits\10\Windows Performance Toolkit\;C:\Program Files\nodejs\;C:\Users\user\AppData\Local\Microsoft\WindowsApps;C:\Users\user\.dotnet\tools;C:\Users\user\AppData\Local\Programs\Microsoft VS Code\bin;C:\Program Files\nodejs\;C:\Program Files\Azure Data Studio\bin;C:\Users\user\AppData\Local\atom\bin;C:\Users\user\AppData\Local\Microsoft\WindowsApps;C:\Users\user\.dotnet\tools;C:\Users\user\AppData\Roaming\npm;C:\Users\user\AppData\Local\Programs\cursor\resources\app\bin
USERNAME=user
OS=Windows_NT
PROCESSOR_IDENTIFIER=Intel64 Family 6 Model 140 Stepping 1, GenuineIntel
TMP=C:\Users\user\AppData\Local\Temp
TEMP=C:\Users\user\AppData\Local\Temp




Periodic native trim disabled

---------------  S Y S T E M  ---------------

OS:
 Windows 11 , 64 bit Build 26100 (10.0.26100.4768)
OS uptime: 3 days 6:57 hours

CPU: total 8 (initial active 8) (4 cores per cpu, 2 threads per core) family 6 model 140 stepping 1 microcode 0x86, cx8, cmov, fxsr, ht, mmx, 3dnowpref, sse, sse2, sse3, ssse3, sse4.1, sse4.2, popcnt, lzcnt, tsc, tscinvbit, avx, avx2, aes, erms, clmul, bmi1, bmi2, adx, avx512f, avx512dq, avx512cd, avx512bw, avx512vl, sha, fma, vzeroupper, avx512_vpopcntdq, avx512_vpclmulqdq, avx512_vaes, avx512_vnni, clflush, clflushopt, clwb, avx512_vbmi2, avx512_vbmi, rdtscp, rdpid, fsrm, gfni, avx512_bitalg, f16c, pku, cet_ibt, cet_ss, avx512_ifma
Processor Information for all 8 processors :
  Max Mhz: 3110, Current Mhz: 3110, Mhz Limit: 3110

Memory: 4k page, system-wide physical 16167M (1724M free)
TotalPageFile size 24309M (AvailPageFile size 6M)
current process WorkingSet (physical memory assigned to process): 13M, peak: 13M
current process commit charge ("private bytes"): 58M, peak: 59M

vm_info: Java HotSpot(TM) 64-Bit Server VM (21.0.2+13-LTS-58) for windows-amd64 JRE (21.0.2+13-LTS-58), built on 2024-01-05T18:32:24Z by "mach5one" with MS VC++ 17.1 (VS2022)

END.
