#
# There is insufficient memory for the Java Runtime Environment to continue.
# Native memory allocation (malloc) failed to allocate 32744 bytes. Error detail: Chunk::new
# Possible reasons:
#   The system is out of physical RAM or swap space
#   This process is running with CompressedOops enabled, and the Java Heap may be blocking the growth of the native heap
# Possible solutions:
#   Reduce memory load on the system
#   Increase physical memory or swap space
#   Check if swap backing store is full
#   Decrease Java heap size (-Xmx/-Xms)
#   Decrease number of Java threads
#   Decrease Java thread stack sizes (-Xss)
#   Set larger code cache with -XX:ReservedCodeCacheSize=
#   JVM is running with Unscaled Compressed Oops mode in which the Java heap is
#     placed in the first 4GB address space. The Java Heap base address is the
#     maximum limit for the native heap growth. Please use -XX:HeapBaseMinAddress
#     to set the Java Heap base and to place the Java Heap above 4GB virtual address.
# This output file may be truncated or incomplete.
#
#  Out of Memory Error (arena.cpp:168), pid=21236, tid=2876
#
# JRE version: OpenJDK Runtime Environment Temurin-21.0.8+9 (21.0.8+9) (build 21.0.8+9-LTS)
# Java VM: OpenJDK 64-Bit Server VM Temurin-21.0.8+9 (21.0.8+9-LTS, mixed mode, sharing, tiered, compressed oops, compressed class ptrs, parallel gc, windows-amd64)
# No core dump will be written. Minidumps are not enabled by default on client versions of Windows
#

---------------  S U M M A R Y ------------

Command Line: --add-modules=ALL-SYSTEM --add-opens=java.base/java.util=ALL-UNNAMED --add-opens=java.base/java.lang=ALL-UNNAMED --add-opens=java.base/sun.nio.fs=ALL-UNNAMED -Declipse.application=org.eclipse.jdt.ls.core.id1 -Dosgi.bundles.defaultStartLevel=4 -Declipse.product=org.eclipse.jdt.ls.core.product -Djava.import.generatesMetadataFilesAtProjectRoot=false -DDetectVMInstallationsJob.disabled=true -Dfile.encoding=utf8 -XX:+UseParallelGC -XX:GCTimeRatio=4 -XX:AdaptiveSizePolicyWeight=90 -Dsun.zip.disableMemoryMapping=true -Xmx2G -Xms100m -Xlog:disable -javaagent:c:\Users\user\.cursor\extensions\redhat.java-1.44.0-win32-x64\lombok\lombok-1.18.39-4050.jar c:\Users\user\.cursor\extensions\redhat.java-1.44.0-win32-x64\server\plugins\org.eclipse.equinox.launcher_1.7.0.v20250519-0528.jar -configuration c:\Users\user\AppData\Roaming\Cursor\User\globalStorage\redhat.java\1.44.0\config_ss_win -data c:\Users\user\AppData\Roaming\Cursor\User\workspaceStorage\3a790ddb6a94b66f6663281c54469c45\redhat.java\ss_ws --pipe=\\.\pipe\lsp-2c2714775bca31d5abe9f25a739e7e19-sock

Host: 11th Gen Intel(R) Core(TM) i5-11300H @ 3.10GHz, 8 cores, 15G,  Windows 11 , 64 bit Build 26100 (10.0.26100.4768)
Time: Sun Aug  3 13:16:40 2025 Middle East Daylight Time elapsed time: 8.637592 seconds (0d 0h 0m 8s)

---------------  T H R E A D  ---------------

Current thread (0x0000027645f88210):  JavaThread "C2 CompilerThread2" daemon [_thread_in_native, id=2876, stack(0x000000a186e00000,0x000000a186f00000) (1024K)]


Current CompileTask:
C2:8637 5734 %     4       org.lombokweb.asm.ClassReader::readCode @ 2187 (5117 bytes)

Stack: [0x000000a186e00000,0x000000a186f00000]
Native frames: (J=compiled Java code, j=interpreted, Vv=VM code, C=native code)
V  [jvm.dll+0x6d2449]
V  [jvm.dll+0x8ae341]
V  [jvm.dll+0x8b08be]
V  [jvm.dll+0x8b0fa3]
V  [jvm.dll+0x280c96]
V  [jvm.dll+0xc581d]
V  [jvm.dll+0xc5d53]
V  [jvm.dll+0x3be99d]
V  [jvm.dll+0x3be1c1]
V  [jvm.dll+0x3be204]
V  [jvm.dll+0x5da626]
V  [jvm.dll+0x5dad75]
V  [jvm.dll+0x1e1229]
V  [jvm.dll+0x249022]
V  [jvm.dll+0x2484af]
V  [jvm.dll+0x1c89ee]
V  [jvm.dll+0x257d4d]
V  [jvm.dll+0x2562ea]
V  [jvm.dll+0x3f2d16]
V  [jvm.dll+0x857e6b]
V  [jvm.dll+0x6d0b0d]
C  [ucrtbase.dll+0x37b0]
C  [KERNEL32.DLL+0x2e8d7]
C  [ntdll.dll+0x3c34c]


---------------  P R O C E S S  ---------------

Threads class SMR info:
_java_thread_list=0x0000027648309f50, length=62, elements={
0x0000027667491910, 0x00000276673f8370, 0x000002766753c680, 0x0000027667404340,
0x00000276674072c0, 0x0000027667405ed0, 0x00000276674069c0, 0x000002766741ea70,
0x00000276674215c0, 0x000002767f7886e0, 0x000002767f940b70, 0x0000027645706150,
0x000002764584dbf0, 0x000002764584e250, 0x0000027645879c90, 0x00000276457067b0,
0x0000027645706e10, 0x0000027645836520, 0x0000027645a1bb20, 0x0000027645b80aa0,
0x0000027645b824e0, 0x0000027645b7f060, 0x0000027645b81e50, 0x0000027645b81130,
0x0000027645b817c0, 0x0000027645b80410, 0x0000027645b7f6f0, 0x0000027645b7fd80,
0x0000027645f15000, 0x0000027645f142e0, 0x0000027645f888e0, 0x0000027645f88210,
0x0000027645f15690, 0x0000027645f15d20, 0x0000027645f163b0, 0x0000027645f16a40,
0x0000027645f135c0, 0x0000027645f13c50, 0x0000027646644e50, 0x00000276466447c0,
0x00000276466454e0, 0x0000027646645b70, 0x00000276466426f0, 0x0000027646646200,
0x0000027646644130, 0x0000027646643aa0, 0x0000027646642d80, 0x0000027646646890,
0x0000027646649680, 0x00000276466482d0, 0x0000027646649d10, 0x0000027646648ff0,
0x0000027646646f20, 0x0000027646648960, 0x0000027646647c40, 0x00000276466475b0,
0x000002764839d0c0, 0x000002764839d750, 0x000002764839a2d0, 0x000002764839dde0,
0x000002764839ca30, 0x000002764839bd10
}

Java Threads: ( => current thread )
  0x0000027667491910 JavaThread "main"                              [_thread_blocked, id=24296, stack(0x000000a184500000,0x000000a184600000) (1024K)]
  0x00000276673f8370 JavaThread "Reference Handler"          daemon [_thread_blocked, id=9080, stack(0x000000a184900000,0x000000a184a00000) (1024K)]
  0x000002766753c680 JavaThread "Finalizer"                  daemon [_thread_blocked, id=6552, stack(0x000000a184a00000,0x000000a184b00000) (1024K)]
  0x0000027667404340 JavaThread "Signal Dispatcher"          daemon [_thread_blocked, id=15572, stack(0x000000a184b00000,0x000000a184c00000) (1024K)]
  0x00000276674072c0 JavaThread "Attach Listener"            daemon [_thread_blocked, id=11504, stack(0x000000a184c00000,0x000000a184d00000) (1024K)]
  0x0000027667405ed0 JavaThread "Service Thread"             daemon [_thread_blocked, id=15516, stack(0x000000a184d00000,0x000000a184e00000) (1024K)]
  0x00000276674069c0 JavaThread "Monitor Deflation Thread"   daemon [_thread_blocked, id=21868, stack(0x000000a184e00000,0x000000a184f00000) (1024K)]
  0x000002766741ea70 JavaThread "C2 CompilerThread0"         daemon [_thread_in_native, id=9584, stack(0x000000a184f00000,0x000000a185000000) (1024K)]
  0x00000276674215c0 JavaThread "C1 CompilerThread0"         daemon [_thread_blocked, id=5056, stack(0x000000a185000000,0x000000a185100000) (1024K)]
  0x000002767f7886e0 JavaThread "Common-Cleaner"             daemon [_thread_blocked, id=21180, stack(0x000000a185100000,0x000000a185200000) (1024K)]
  0x000002767f940b70 JavaThread "Notification Thread"        daemon [_thread_blocked, id=24284, stack(0x000000a185400000,0x000000a185500000) (1024K)]
  0x0000027645706150 JavaThread "Equinox resolver thread - Equinox Container: d590bae4-c3fb-49da-bcb7-ca58e6bcf40d" daemon [_thread_blocked, id=5584, stack(0x000000a185300000,0x000000a185400000) (1024K)]
  0x000002764584dbf0 JavaThread "Equinox resolver thread - Equinox Container: d590bae4-c3fb-49da-bcb7-ca58e6bcf40d" daemon [_thread_blocked, id=16256, stack(0x000000a185b00000,0x000000a185c00000) (1024K)]
  0x000002764584e250 JavaThread "Equinox resolver thread - Equinox Container: d590bae4-c3fb-49da-bcb7-ca58e6bcf40d" daemon [_thread_blocked, id=7180, stack(0x000000a185c00000,0x000000a185d00000) (1024K)]
  0x0000027645879c90 JavaThread "Equinox resolver thread - Equinox Container: d590bae4-c3fb-49da-bcb7-ca58e6bcf40d" daemon [_thread_blocked, id=3912, stack(0x000000a185d00000,0x000000a185e00000) (1024K)]
  0x00000276457067b0 JavaThread "Equinox resolver thread - Equinox Container: d590bae4-c3fb-49da-bcb7-ca58e6bcf40d" daemon [_thread_blocked, id=19976, stack(0x000000a185e00000,0x000000a185f00000) (1024K)]
  0x0000027645706e10 JavaThread "Equinox resolver thread - Equinox Container: d590bae4-c3fb-49da-bcb7-ca58e6bcf40d" daemon [_thread_blocked, id=18192, stack(0x000000a185f00000,0x000000a186000000) (1024K)]
  0x0000027645836520 JavaThread "Active Thread: Equinox Container: d590bae4-c3fb-49da-bcb7-ca58e6bcf40d"        [_thread_blocked, id=21356, stack(0x000000a186000000,0x000000a186100000) (1024K)]
  0x0000027645a1bb20 JavaThread "Framework Event Dispatcher: Equinox Container: d590bae4-c3fb-49da-bcb7-ca58e6bcf40d" daemon [_thread_blocked, id=7840, stack(0x000000a186100000,0x000000a186200000) (1024K)]
  0x0000027645b80aa0 JavaThread "Start Level: Equinox Container: d590bae4-c3fb-49da-bcb7-ca58e6bcf40d" daemon [_thread_blocked, id=11296, stack(0x000000a186200000,0x000000a186300000) (1024K)]
  0x0000027645b824e0 JavaThread "Refresh Thread: Equinox Container: d590bae4-c3fb-49da-bcb7-ca58e6bcf40d" daemon [_thread_blocked, id=15940, stack(0x000000a186400000,0x000000a186500000) (1024K)]
  0x0000027645b7f060 JavaThread "Equinox resolver thread - Equinox Container: d590bae4-c3fb-49da-bcb7-ca58e6bcf40d" daemon [_thread_blocked, id=15560, stack(0x000000a186500000,0x000000a186600000) (1024K)]
  0x0000027645b81e50 JavaThread "Equinox resolver thread - Equinox Container: d590bae4-c3fb-49da-bcb7-ca58e6bcf40d" daemon [_thread_blocked, id=14440, stack(0x000000a186600000,0x000000a186700000) (1024K)]
  0x0000027645b81130 JavaThread "SCR Component Actor"        daemon [_thread_blocked, id=2444, stack(0x000000a186800000,0x000000a186900000) (1024K)]
  0x0000027645b817c0 JavaThread "SCR Component Registry"     daemon [_thread_blocked, id=12680, stack(0x000000a186900000,0x000000a186a00000) (1024K)]
  0x0000027645b80410 JavaThread "Worker-JM"                         [_thread_blocked, id=3736, stack(0x000000a186700000,0x000000a186800000) (1024K)]
  0x0000027645b7f6f0 JavaThread "JNA Cleaner"                daemon [_thread_blocked, id=12752, stack(0x000000a185200000,0x000000a185300000) (1024K)]
  0x0000027645b7fd80 JavaThread "Worker-0"                          [_thread_blocked, id=24068, stack(0x000000a186a00000,0x000000a186b00000) (1024K)]
  0x0000027645f15000 JavaThread "Worker-1"                          [_thread_blocked, id=3704, stack(0x000000a186b00000,0x000000a186c00000) (1024K)]
  0x0000027645f142e0 JavaThread "Worker-2: Building"                [_thread_blocked, id=17860, stack(0x000000a186c00000,0x000000a186d00000) (1024K)]
  0x0000027645f888e0 JavaThread "C2 CompilerThread1"         daemon [_thread_in_native, id=4700, stack(0x000000a186d00000,0x000000a186e00000) (1024K)]
=>0x0000027645f88210 JavaThread "C2 CompilerThread2"         daemon [_thread_in_native, id=2876, stack(0x000000a186e00000,0x000000a186f00000) (1024K)]
  0x0000027645f15690 JavaThread "Thread-2"                   daemon [_thread_in_native, id=19372, stack(0x000000a187100000,0x000000a187200000) (1024K)]
  0x0000027645f15d20 JavaThread "Thread-3"                   daemon [_thread_in_native, id=17180, stack(0x000000a187200000,0x000000a187300000) (1024K)]
  0x0000027645f163b0 JavaThread "Thread-4"                   daemon [_thread_in_native, id=13864, stack(0x000000a187300000,0x000000a187400000) (1024K)]
  0x0000027645f16a40 JavaThread "Thread-5"                   daemon [_thread_in_native, id=10920, stack(0x000000a187400000,0x000000a187500000) (1024K)]
  0x0000027645f135c0 JavaThread "Thread-6"                   daemon [_thread_in_native, id=23992, stack(0x000000a187500000,0x000000a187600000) (1024K)]
  0x0000027645f13c50 JavaThread "Thread-7"                   daemon [_thread_in_native, id=10772, stack(0x000000a187600000,0x000000a187700000) (1024K)]
  0x0000027646644e50 JavaThread "Thread-8"                   daemon [_thread_in_native, id=5700, stack(0x000000a187700000,0x000000a187800000) (1024K)]
  0x00000276466447c0 JavaThread "Thread-9"                   daemon [_thread_in_native, id=7972, stack(0x000000a187800000,0x000000a187900000) (1024K)]
  0x00000276466454e0 JavaThread "Thread-10"                  daemon [_thread_in_native, id=22164, stack(0x000000a187900000,0x000000a187a00000) (1024K)]
  0x0000027646645b70 JavaThread "pool-2-thread-1"                   [_thread_blocked, id=8820, stack(0x000000a187a00000,0x000000a187b00000) (1024K)]
  0x00000276466426f0 JavaThread "WorkspaceEventsHandler"            [_thread_blocked, id=10624, stack(0x000000a187b00000,0x000000a187c00000) (1024K)]
  0x0000027646646200 JavaThread "pool-1-thread-1"                   [_thread_blocked, id=1256, stack(0x000000a187c00000,0x000000a187d00000) (1024K)]
  0x0000027646644130 JavaThread "ForkJoinPool.commonPool-worker-1" daemon [_thread_blocked, id=9764, stack(0x000000a187d00000,0x000000a187e00000) (1024K)]
  0x0000027646643aa0 JavaThread "ForkJoinPool.commonPool-worker-2" daemon [_thread_in_native, id=19988, stack(0x000000a187e00000,0x000000a187f00000) (1024K)]
  0x0000027646642d80 JavaThread "ForkJoinPool.commonPool-worker-3" daemon [_thread_blocked, id=548, stack(0x000000a187f00000,0x000000a188000000) (1024K)]
  0x0000027646646890 JavaThread "ForkJoinPool.commonPool-worker-4" daemon [_thread_blocked, id=13944, stack(0x000000a188000000,0x000000a188100000) (1024K)]
  0x0000027646649680 JavaThread "LocalFile Deleter"          daemon [_thread_blocked, id=18388, stack(0x000000a188100000,0x000000a188200000) (1024K)]
  0x00000276466482d0 JavaThread "LocalFile Deleter"          daemon [_thread_blocked, id=20360, stack(0x000000a188200000,0x000000a188300000) (1024K)]
  0x0000027646649d10 JavaThread "LocalFile Deleter"          daemon [_thread_blocked, id=9284, stack(0x000000a188300000,0x000000a188400000) (1024K)]
  0x0000027646648ff0 JavaThread "LocalFile Deleter"          daemon [_thread_blocked, id=14092, stack(0x000000a188400000,0x000000a188500000) (1024K)]
  0x0000027646646f20 JavaThread "LocalFile Deleter"          daemon [_thread_blocked, id=11392, stack(0x000000a188500000,0x000000a188600000) (1024K)]
  0x0000027646648960 JavaThread "LocalFile Deleter"          daemon [_thread_blocked, id=17308, stack(0x000000a188600000,0x000000a188700000) (1024K)]
  0x0000027646647c40 JavaThread "LocalFile Deleter"          daemon [_thread_blocked, id=7000, stack(0x000000a188700000,0x000000a188800000) (1024K)]
  0x00000276466475b0 JavaThread "LocalFile Deleter"          daemon [_thread_blocked, id=7108, stack(0x000000a188800000,0x000000a188900000) (1024K)]
  0x000002764839d0c0 JavaThread "Compiler Source File Reader" daemon [_thread_blocked, id=14448, stack(0x000000a188900000,0x000000a188a00000) (1024K)]
  0x000002764839d750 JavaThread "Compiler Source File Reader" daemon [_thread_blocked, id=5340, stack(0x000000a188a00000,0x000000a188b00000) (1024K)]
  0x000002764839a2d0 JavaThread "Compiler Source File Reader" daemon [_thread_blocked, id=22784, stack(0x000000a188b00000,0x000000a188c00000) (1024K)]
  0x000002764839dde0 JavaThread "Compiler Source File Reader" daemon [_thread_blocked, id=12528, stack(0x000000a188c00000,0x000000a188d00000) (1024K)]
  0x000002764839ca30 JavaThread "Compiler Source File Reader" daemon [_thread_blocked, id=9448, stack(0x000000a188d00000,0x000000a188e00000) (1024K)]
  0x000002764839bd10 JavaThread "Compiler Source File Reader" daemon [_thread_blocked, id=22476, stack(0x000000a188e00000,0x000000a188f00000) (1024K)]
Total: 62

Other Threads:
  0x000002766516cb70 VMThread "VM Thread"                           [id=23944, stack(0x000000a184800000,0x000000a184900000) (1024K)]
  0x00000276674f6fa0 WatcherThread "VM Periodic Task Thread"        [id=9468, stack(0x000000a184700000,0x000000a184800000) (1024K)]
  0x000002766516d650 WorkerThread "GC Thread#0"                     [id=18404, stack(0x000000a184600000,0x000000a184700000) (1024K)]
  0x000002766516d9f0 WorkerThread "GC Thread#1"                     [id=13588, stack(0x000000a185500000,0x000000a185600000) (1024K)]
  0x000002766516e130 WorkerThread "GC Thread#2"                     [id=21048, stack(0x000000a185600000,0x000000a185700000) (1024K)]
  0x000002766516dd90 WorkerThread "GC Thread#3"                     [id=14120, stack(0x000000a185700000,0x000000a185800000) (1024K)]
  0x000002767fa4fba0 WorkerThread "GC Thread#4"                     [id=16432, stack(0x000000a185800000,0x000000a185900000) (1024K)]
  0x000002767fa4f0c0 WorkerThread "GC Thread#5"                     [id=5676, stack(0x000000a185900000,0x000000a185a00000) (1024K)]
  0x000002767fa4ff40 WorkerThread "GC Thread#6"                     [id=17124, stack(0x000000a185a00000,0x000000a185b00000) (1024K)]
  0x000002767fa4d760 WorkerThread "GC Thread#7"                     [id=2000, stack(0x000000a186300000,0x000000a186400000) (1024K)]
Total: 10

Threads with active compile tasks:
C2 CompilerThread0  8657 5689 %     4       org.lombokweb.asm.SymbolTable::<init> @ 98 (554 bytes)
C1 CompilerThread0  8657 5788   !   3       java.net.URL::of (255 bytes)
C2 CompilerThread1  8657 5721       4       org.lombokweb.asm.ClassReader::readMethod (1070 bytes)
C2 CompilerThread2  8657 5734 %     4       org.lombokweb.asm.ClassReader::readCode @ 2187 (5117 bytes)
Total: 4

VM state: not at safepoint (normal execution)

VM Mutex/Monitor currently owned by a thread: None

Heap address: 0x0000000080000000, size: 2048 MB, Compressed Oops mode: 32-bit

CDS archive(s) mapped at: [0x0000027600000000-0x0000027600ba0000-0x0000027600ba0000), size 12189696, SharedBaseAddress: 0x0000027600000000, ArchiveRelocationMode: 1.
Compressed class space mapped at: 0x0000027601000000-0x0000027641000000, reserved size: 1073741824
Narrow klass base: 0x0000027600000000, Narrow klass shift: 0, Narrow klass range: 0x100000000

GC Precious Log:
 CardTable entry size: 512
 CPUs: 8 total, 8 available
 Memory: 16167M
 Large Page Support: Disabled
 NUMA Support: Disabled
 Compressed Oops: Enabled (32-bit)
 Alignments: Space 512K, Generation 512K, Heap 2M
 Heap Min Capacity: 100M
 Heap Initial Capacity: 100M
 Heap Max Capacity: 2G
 Pre-touch: Disabled
 Parallel Workers: 8

Heap:
 PSYoungGen      total 23552K, used 14871K [0x00000000d5580000, 0x00000000d6f00000, 0x0000000100000000)
  eden space 22016K, 62% used [0x00000000d5580000,0x00000000d62e51c8,0x00000000d6b00000)
  from space 1536K, 75% used [0x00000000d6d80000,0x00000000d6ea0db0,0x00000000d6f00000)
  to   space 1536K, 0% used [0x00000000d6c00000,0x00000000d6c00000,0x00000000d6d80000)
 ParOldGen       total 68608K, used 31812K [0x0000000080000000, 0x0000000084300000, 0x00000000d5580000)
  object space 68608K, 46% used [0x0000000080000000,0x0000000081f11120,0x0000000084300000)
 Metaspace       used 38494K, committed 39488K, reserved 1114112K
  class space    used 3845K, committed 4224K, reserved 1048576K

Card table byte_map: [0x0000027666e20000,0x0000027667230000] _byte_map_base: 0x0000027666a20000

Marking Bits: (ParMarkBitMap*) 0x00007ff9603ca340
 Begin Bits: [0x0000027679920000, 0x000002767b920000)
 End Bits:   [0x000002767b920000, 0x000002767d920000)

Polling page: 0x00000276652c0000

Metaspace:

Usage:
  Non-class:     33.84 MB used.
      Class:      3.75 MB used.
       Both:     37.59 MB used.

Virtual space:
  Non-class space:       64.00 MB reserved,      34.44 MB ( 54%) committed,  1 nodes.
      Class space:        1.00 GB reserved,       4.12 MB ( <1%) committed,  1 nodes.
             Both:        1.06 GB reserved,      38.56 MB (  4%) committed. 

Chunk freelists:
   Non-Class:  13.33 MB
       Class:  11.81 MB
        Both:  25.14 MB

MaxMetaspaceSize: unlimited
CompressedClassSpaceSize: 1.00 GB
Initial GC threshold: 21.00 MB
Current GC threshold: 58.88 MB
CDS: on
 - commit_granule_bytes: 65536.
 - commit_granule_words: 8192.
 - virtual_space_node_default_size: 8388608.
 - enlarge_chunks_in_place: 1.
 - use_allocation_guard: 0.


Internal statistics:

num_allocs_failed_limit: 12.
num_arena_births: 916.
num_arena_deaths: 216.
num_vsnodes_births: 2.
num_vsnodes_deaths: 0.
num_space_committed: 617.
num_space_uncommitted: 0.
num_chunks_returned_to_freelist: 316.
num_chunks_taken_from_freelist: 2707.
num_chunk_merges: 131.
num_chunk_splits: 1604.
num_chunks_enlarged: 895.
num_inconsistent_stats: 0.

CodeHeap 'non-profiled nmethods': size=120000Kb used=2860Kb max_used=2997Kb free=117139Kb
 bounds [0x0000027672140000, 0x0000027672440000, 0x0000027679670000]
CodeHeap 'profiled nmethods': size=120000Kb used=11301Kb max_used=11646Kb free=108698Kb
 bounds [0x000002766a670000, 0x000002766b250000, 0x0000027671ba0000]
CodeHeap 'non-nmethods': size=5760Kb used=1378Kb max_used=1417Kb free=4381Kb
 bounds [0x0000027671ba0000, 0x0000027671e10000, 0x0000027672140000]
CodeCache: size=245760Kb, used=15539Kb, max_used=16060Kb, free=230218Kb
 total_blobs=5910, nmethods=5245, adapters=571, full_count=0
Compilation: enabled, stopped_count=0, restarted_count=0

Compilation events (20 events):
Event: 8.472 Thread 0x00000276674215c0 5776       3       org.eclipse.jdt.internal.compiler.util.CharDeduplication::sharedCopyOfRange (190 bytes)
Event: 8.473 Thread 0x00000276674215c0 nmethod 5776 0x000002766a71bf90 code [0x000002766a71c2c0, 0x000002766a71d4f8]
Event: 8.473 Thread 0x00000276674215c0 5777       1       org.eclipse.jdt.internal.compiler.ast.TypeReference::getAnnotatableLevels (2 bytes)
Event: 8.473 Thread 0x00000276674215c0 nmethod 5777 0x0000027672186990 code [0x0000027672186b20, 0x0000027672186be8]
Event: 8.473 Thread 0x00000276674215c0 5775       3       org.eclipse.jdt.internal.compiler.ast.Statement::<init> (5 bytes)
Event: 8.473 Thread 0x00000276674215c0 nmethod 5775 0x000002766a81e590 code [0x000002766a81e740, 0x000002766a81e910]
Event: 8.478 Thread 0x00000276674215c0 5779   !   3       org.eclipse.jdt.internal.compiler.parser.Scanner::getNextChar (169 bytes)
Event: 8.479 Thread 0x00000276674215c0 nmethod 5779 0x000002766a6bd690 code [0x000002766a6bd8a0, 0x000002766a6bdef8]
Event: 8.498 Thread 0x00000276674215c0 5780       3       java.net.URI::<init> (13 bytes)
Event: 8.499 Thread 0x00000276674215c0 nmethod 5780 0x000002766a8b9490 code [0x000002766a8b9640, 0x000002766a8b97a8]
Event: 8.505 Thread 0x00000276674215c0 5781       3       java.net.URI::<init> (42 bytes)
Event: 8.506 Thread 0x00000276674215c0 nmethod 5781 0x000002766a8f3c90 code [0x000002766a8f3e40, 0x000002766a8f3ff0]
Event: 8.506 Thread 0x00000276674215c0 5782       3       org.eclipse.osgi.internal.loader.classpath.ClasspathEntry::findResource (65 bytes)
Event: 8.506 Thread 0x00000276674215c0 nmethod 5782 0x000002766a68a290 code [0x000002766a68a4a0, 0x000002766a68abc0]
Event: 8.506 Thread 0x00000276674215c0 5783       3       org.eclipse.osgi.storage.bundlefile.BundleFile::getResourceURL (24 bytes)
Event: 8.506 Thread 0x00000276674215c0 nmethod 5783 0x000002766aaccd10 code [0x000002766aaccee0, 0x000002766aacd1f8]
Event: 8.531 Thread 0x00000276674215c0 5784       3       org.eclipse.osgi.internal.loader.BundleLoader::findLocalResource (9 bytes)
Event: 8.532 Thread 0x00000276674215c0 nmethod 5784 0x000002766ab16410 code [0x000002766ab165e0, 0x000002766ab16900]
Event: 8.532 Thread 0x00000276674215c0 5785       3       org.eclipse.osgi.internal.loader.ModuleClassLoader::findLocalResource (9 bytes)
Event: 8.532 Thread 0x00000276674215c0 nmethod 5785 0x000002766a8f6990 code [0x000002766a8f6b40, 0x000002766a8f6cb8]

GC Heap History (20 events):
Event: 7.423 GC heap before
{Heap before GC invocations=15 (full 1):
 PSYoungGen      total 24576K, used 24321K [0x00000000d5580000, 0x00000000d7100000, 0x0000000100000000)
  eden space 22016K, 99% used [0x00000000d5580000,0x00000000d6afffb8,0x00000000d6b00000)
  from space 2560K, 90% used [0x00000000d6b00000,0x00000000d6d40810,0x00000000d6d80000)
  to   space 3072K, 0% used [0x00000000d6e00000,0x00000000d6e00000,0x00000000d7100000)
 ParOldGen       total 68608K, used 17585K [0x0000000080000000, 0x0000000084300000, 0x00000000d5580000)
  object space 68608K, 25% used [0x0000000080000000,0x000000008112c598,0x0000000084300000)
 Metaspace       used 33728K, committed 34752K, reserved 1114112K
  class space    used 3424K, committed 3840K, reserved 1048576K
}
Event: 7.427 GC heap after
{Heap after GC invocations=15 (full 1):
 PSYoungGen      total 24576K, used 2496K [0x00000000d5580000, 0x00000000d7080000, 0x0000000100000000)
  eden space 22016K, 0% used [0x00000000d5580000,0x00000000d5580000,0x00000000d6b00000)
  from space 2560K, 97% used [0x00000000d6e00000,0x00000000d70700c0,0x00000000d7080000)
  to   space 2560K, 0% used [0x00000000d6b00000,0x00000000d6b00000,0x00000000d6d80000)
 ParOldGen       total 68608K, used 19691K [0x0000000080000000, 0x0000000084300000, 0x00000000d5580000)
  object space 68608K, 28% used [0x0000000080000000,0x000000008133ad98,0x0000000084300000)
 Metaspace       used 33728K, committed 34752K, reserved 1114112K
  class space    used 3424K, committed 3840K, reserved 1048576K
}
Event: 7.515 GC heap before
{Heap before GC invocations=16 (full 1):
 PSYoungGen      total 24576K, used 24512K [0x00000000d5580000, 0x00000000d7080000, 0x0000000100000000)
  eden space 22016K, 100% used [0x00000000d5580000,0x00000000d6b00000,0x00000000d6b00000)
  from space 2560K, 97% used [0x00000000d6e00000,0x00000000d70700c0,0x00000000d7080000)
  to   space 2560K, 0% used [0x00000000d6b00000,0x00000000d6b00000,0x00000000d6d80000)
 ParOldGen       total 68608K, used 19691K [0x0000000080000000, 0x0000000084300000, 0x00000000d5580000)
  object space 68608K, 28% used [0x0000000080000000,0x000000008133ad98,0x0000000084300000)
 Metaspace       used 33759K, committed 34880K, reserved 1114112K
  class space    used 3425K, committed 3904K, reserved 1048576K
}
Event: 7.520 GC heap after
{Heap after GC invocations=16 (full 1):
 PSYoungGen      total 24576K, used 2240K [0x00000000d5580000, 0x00000000d7000000, 0x0000000100000000)
  eden space 22016K, 0% used [0x00000000d5580000,0x00000000d5580000,0x00000000d6b00000)
  from space 2560K, 87% used [0x00000000d6b00000,0x00000000d6d30000,0x00000000d6d80000)
  to   space 2560K, 0% used [0x00000000d6d80000,0x00000000d6d80000,0x00000000d7000000)
 ParOldGen       total 68608K, used 22013K [0x0000000080000000, 0x0000000084300000, 0x00000000d5580000)
  object space 68608K, 32% used [0x0000000080000000,0x000000008157f548,0x0000000084300000)
 Metaspace       used 33759K, committed 34880K, reserved 1114112K
  class space    used 3425K, committed 3904K, reserved 1048576K
}
Event: 7.608 GC heap before
{Heap before GC invocations=17 (full 1):
 PSYoungGen      total 24576K, used 24256K [0x00000000d5580000, 0x00000000d7000000, 0x0000000100000000)
  eden space 22016K, 100% used [0x00000000d5580000,0x00000000d6b00000,0x00000000d6b00000)
  from space 2560K, 87% used [0x00000000d6b00000,0x00000000d6d30000,0x00000000d6d80000)
  to   space 2560K, 0% used [0x00000000d6d80000,0x00000000d6d80000,0x00000000d7000000)
 ParOldGen       total 68608K, used 22013K [0x0000000080000000, 0x0000000084300000, 0x00000000d5580000)
  object space 68608K, 32% used [0x0000000080000000,0x000000008157f548,0x0000000084300000)
 Metaspace       used 33784K, committed 34944K, reserved 1114112K
  class space    used 3425K, committed 3904K, reserved 1048576K
}
Event: 7.615 GC heap after
{Heap after GC invocations=17 (full 1):
 PSYoungGen      total 24576K, used 2212K [0x00000000d5580000, 0x00000000d7000000, 0x0000000100000000)
  eden space 22016K, 0% used [0x00000000d5580000,0x00000000d5580000,0x00000000d6b00000)
  from space 2560K, 86% used [0x00000000d6d80000,0x00000000d6fa9000,0x00000000d7000000)
  to   space 2560K, 0% used [0x00000000d6b00000,0x00000000d6b00000,0x00000000d6d80000)
 ParOldGen       total 68608K, used 24075K [0x0000000080000000, 0x0000000084300000, 0x00000000d5580000)
  object space 68608K, 35% used [0x0000000080000000,0x0000000081782ef8,0x0000000084300000)
 Metaspace       used 33784K, committed 34944K, reserved 1114112K
  class space    used 3425K, committed 3904K, reserved 1048576K
}
Event: 7.693 GC heap before
{Heap before GC invocations=18 (full 1):
 PSYoungGen      total 24576K, used 24228K [0x00000000d5580000, 0x00000000d7000000, 0x0000000100000000)
  eden space 22016K, 100% used [0x00000000d5580000,0x00000000d6b00000,0x00000000d6b00000)
  from space 2560K, 86% used [0x00000000d6d80000,0x00000000d6fa9000,0x00000000d7000000)
  to   space 2560K, 0% used [0x00000000d6b00000,0x00000000d6b00000,0x00000000d6d80000)
 ParOldGen       total 68608K, used 24075K [0x0000000080000000, 0x0000000084300000, 0x00000000d5580000)
  object space 68608K, 35% used [0x0000000080000000,0x0000000081782ef8,0x0000000084300000)
 Metaspace       used 33898K, committed 35008K, reserved 1114112K
  class space    used 3427K, committed 3904K, reserved 1048576K
}
Event: 7.698 GC heap after
{Heap after GC invocations=18 (full 1):
 PSYoungGen      total 24576K, used 2336K [0x00000000d5580000, 0x00000000d7000000, 0x0000000100000000)
  eden space 22016K, 0% used [0x00000000d5580000,0x00000000d5580000,0x00000000d6b00000)
  from space 2560K, 91% used [0x00000000d6b00000,0x00000000d6d48010,0x00000000d6d80000)
  to   space 2560K, 0% used [0x00000000d6d80000,0x00000000d6d80000,0x00000000d7000000)
 ParOldGen       total 68608K, used 26153K [0x0000000080000000, 0x0000000084300000, 0x00000000d5580000)
  object space 68608K, 38% used [0x0000000080000000,0x000000008198a520,0x0000000084300000)
 Metaspace       used 33898K, committed 35008K, reserved 1114112K
  class space    used 3427K, committed 3904K, reserved 1048576K
}
Event: 7.759 GC heap before
{Heap before GC invocations=19 (full 1):
 PSYoungGen      total 24576K, used 24352K [0x00000000d5580000, 0x00000000d7000000, 0x0000000100000000)
  eden space 22016K, 100% used [0x00000000d5580000,0x00000000d6b00000,0x00000000d6b00000)
  from space 2560K, 91% used [0x00000000d6b00000,0x00000000d6d48010,0x00000000d6d80000)
  to   space 2560K, 0% used [0x00000000d6d80000,0x00000000d6d80000,0x00000000d7000000)
 ParOldGen       total 68608K, used 26153K [0x0000000080000000, 0x0000000084300000, 0x00000000d5580000)
  object space 68608K, 38% used [0x0000000080000000,0x000000008198a520,0x0000000084300000)
 Metaspace       used 33960K, committed 35072K, reserved 1114112K
  class space    used 3427K, committed 3904K, reserved 1048576K
}
Event: 7.765 GC heap after
{Heap after GC invocations=19 (full 1):
 PSYoungGen      total 24576K, used 2080K [0x00000000d5580000, 0x00000000d7000000, 0x0000000100000000)
  eden space 22016K, 0% used [0x00000000d5580000,0x00000000d5580000,0x00000000d6b00000)
  from space 2560K, 81% used [0x00000000d6d80000,0x00000000d6f88000,0x00000000d7000000)
  to   space 2560K, 0% used [0x00000000d6b00000,0x00000000d6b00000,0x00000000d6d80000)
 ParOldGen       total 68608K, used 28401K [0x0000000080000000, 0x0000000084300000, 0x00000000d5580000)
  object space 68608K, 41% used [0x0000000080000000,0x0000000081bbc530,0x0000000084300000)
 Metaspace       used 33960K, committed 35072K, reserved 1114112K
  class space    used 3427K, committed 3904K, reserved 1048576K
}
Event: 7.852 GC heap before
{Heap before GC invocations=20 (full 1):
 PSYoungGen      total 24576K, used 15056K [0x00000000d5580000, 0x00000000d7000000, 0x0000000100000000)
  eden space 22016K, 58% used [0x00000000d5580000,0x00000000d622c268,0x00000000d6b00000)
  from space 2560K, 81% used [0x00000000d6d80000,0x00000000d6f88000,0x00000000d7000000)
  to   space 2560K, 0% used [0x00000000d6b00000,0x00000000d6b00000,0x00000000d6d80000)
 ParOldGen       total 68608K, used 28401K [0x0000000080000000, 0x0000000084300000, 0x00000000d5580000)
  object space 68608K, 41% used [0x0000000080000000,0x0000000081bbc530,0x0000000084300000)
 Metaspace       used 34834K, committed 35904K, reserved 1114112K
  class space    used 3533K, committed 3968K, reserved 1048576K
}
Event: 7.857 GC heap after
{Heap after GC invocations=20 (full 1):
 PSYoungGen      total 23552K, used 1168K [0x00000000d5580000, 0x00000000d6e00000, 0x0000000100000000)
  eden space 22016K, 0% used [0x00000000d5580000,0x00000000d5580000,0x00000000d6b00000)
  from space 1536K, 76% used [0x00000000d6b00000,0x00000000d6c24040,0x00000000d6c80000)
  to   space 1536K, 0% used [0x00000000d6c80000,0x00000000d6c80000,0x00000000d6e00000)
 ParOldGen       total 68608K, used 30369K [0x0000000080000000, 0x0000000084300000, 0x00000000d5580000)
  object space 68608K, 44% used [0x0000000080000000,0x0000000081da8730,0x0000000084300000)
 Metaspace       used 34834K, committed 35904K, reserved 1114112K
  class space    used 3533K, committed 3968K, reserved 1048576K
}
Event: 7.868 GC heap before
{Heap before GC invocations=21 (full 1):
 PSYoungGen      total 23552K, used 2649K [0x00000000d5580000, 0x00000000d6e00000, 0x0000000100000000)
  eden space 22016K, 6% used [0x00000000d5580000,0x00000000d56f27b0,0x00000000d6b00000)
  from space 1536K, 76% used [0x00000000d6b00000,0x00000000d6c24040,0x00000000d6c80000)
  to   space 1536K, 0% used [0x00000000d6c80000,0x00000000d6c80000,0x00000000d6e00000)
 ParOldGen       total 68608K, used 30369K [0x0000000080000000, 0x0000000084300000, 0x00000000d5580000)
  object space 68608K, 44% used [0x0000000080000000,0x0000000081da8730,0x0000000084300000)
 Metaspace       used 35117K, committed 36160K, reserved 1114112K
  class space    used 3566K, committed 4032K, reserved 1048576K
}
Event: 7.871 GC heap after
{Heap after GC invocations=21 (full 1):
 PSYoungGen      total 22528K, used 128K [0x00000000d5580000, 0x00000000d6d00000, 0x0000000100000000)
  eden space 22016K, 0% used [0x00000000d5580000,0x00000000d5580000,0x00000000d6b00000)
  from space 512K, 25% used [0x00000000d6c80000,0x00000000d6ca0000,0x00000000d6d00000)
  to   space 1024K, 0% used [0x00000000d6b00000,0x00000000d6b00000,0x00000000d6c00000)
 ParOldGen       total 68608K, used 31387K [0x0000000080000000, 0x0000000084300000, 0x00000000d5580000)
  object space 68608K, 45% used [0x0000000080000000,0x0000000081ea6d68,0x0000000084300000)
 Metaspace       used 35117K, committed 36160K, reserved 1114112K
  class space    used 3566K, committed 4032K, reserved 1048576K
}
Event: 7.871 GC heap before
{Heap before GC invocations=22 (full 2):
 PSYoungGen      total 22528K, used 128K [0x00000000d5580000, 0x00000000d6d00000, 0x0000000100000000)
  eden space 22016K, 0% used [0x00000000d5580000,0x00000000d5580000,0x00000000d6b00000)
  from space 512K, 25% used [0x00000000d6c80000,0x00000000d6ca0000,0x00000000d6d00000)
  to   space 1024K, 0% used [0x00000000d6b00000,0x00000000d6b00000,0x00000000d6c00000)
 ParOldGen       total 68608K, used 31387K [0x0000000080000000, 0x0000000084300000, 0x00000000d5580000)
  object space 68608K, 45% used [0x0000000080000000,0x0000000081ea6d68,0x0000000084300000)
 Metaspace       used 35117K, committed 36160K, reserved 1114112K
  class space    used 3566K, committed 4032K, reserved 1048576K
}
Event: 7.936 GC heap after
{Heap after GC invocations=22 (full 2):
 PSYoungGen      total 22528K, used 0K [0x00000000d5580000, 0x00000000d6d00000, 0x0000000100000000)
  eden space 22016K, 0% used [0x00000000d5580000,0x00000000d5580000,0x00000000d6b00000)
  from space 512K, 0% used [0x00000000d6c80000,0x00000000d6c80000,0x00000000d6d00000)
  to   space 1024K, 0% used [0x00000000d6b00000,0x00000000d6b00000,0x00000000d6c00000)
 ParOldGen       total 68608K, used 29653K [0x0000000080000000, 0x0000000084300000, 0x00000000d5580000)
  object space 68608K, 43% used [0x0000000080000000,0x0000000081cf5710,0x0000000084300000)
 Metaspace       used 34936K, committed 36160K, reserved 1114112K
  class space    used 3514K, committed 4032K, reserved 1048576K
}
Event: 8.206 GC heap before
{Heap before GC invocations=23 (full 2):
 PSYoungGen      total 22528K, used 21999K [0x00000000d5580000, 0x00000000d6d00000, 0x0000000100000000)
  eden space 22016K, 99% used [0x00000000d5580000,0x00000000d6afbf80,0x00000000d6b00000)
  from space 512K, 0% used [0x00000000d6c80000,0x00000000d6c80000,0x00000000d6d00000)
  to   space 1024K, 0% used [0x00000000d6b00000,0x00000000d6b00000,0x00000000d6c00000)
 ParOldGen       total 68608K, used 29653K [0x0000000080000000, 0x0000000084300000, 0x00000000d5580000)
  object space 68608K, 43% used [0x0000000080000000,0x0000000081cf5710,0x0000000084300000)
 Metaspace       used 37053K, committed 38080K, reserved 1114112K
  class space    used 3699K, committed 4096K, reserved 1048576K
}
Event: 8.208 GC heap after
{Heap after GC invocations=23 (full 2):
 PSYoungGen      total 23040K, used 1008K [0x00000000d5580000, 0x00000000d7000000, 0x0000000100000000)
  eden space 22016K, 0% used [0x00000000d5580000,0x00000000d5580000,0x00000000d6b00000)
  from space 1024K, 98% used [0x00000000d6b00000,0x00000000d6bfc1c8,0x00000000d6c00000)
  to   space 2560K, 0% used [0x00000000d6d80000,0x00000000d6d80000,0x00000000d7000000)
 ParOldGen       total 68608K, used 30782K [0x0000000080000000, 0x0000000084300000, 0x00000000d5580000)
  object space 68608K, 44% used [0x0000000080000000,0x0000000081e0fbf8,0x0000000084300000)
 Metaspace       used 37053K, committed 38080K, reserved 1114112K
  class space    used 3699K, committed 4096K, reserved 1048576K
}
Event: 8.334 GC heap before
{Heap before GC invocations=24 (full 2):
 PSYoungGen      total 23040K, used 22877K [0x00000000d5580000, 0x00000000d7000000, 0x0000000100000000)
  eden space 22016K, 99% used [0x00000000d5580000,0x00000000d6adb468,0x00000000d6b00000)
  from space 1024K, 98% used [0x00000000d6b00000,0x00000000d6bfc1c8,0x00000000d6c00000)
  to   space 2560K, 0% used [0x00000000d6d80000,0x00000000d6d80000,0x00000000d7000000)
 ParOldGen       total 68608K, used 30782K [0x0000000080000000, 0x0000000084300000, 0x00000000d5580000)
  object space 68608K, 44% used [0x0000000080000000,0x0000000081e0fbf8,0x0000000084300000)
 Metaspace       used 37071K, committed 38080K, reserved 1114112K
  class space    used 3699K, committed 4096K, reserved 1048576K
}
Event: 8.337 GC heap after
{Heap after GC invocations=24 (full 2):
 PSYoungGen      total 23552K, used 1155K [0x00000000d5580000, 0x00000000d6f00000, 0x0000000100000000)
  eden space 22016K, 0% used [0x00000000d5580000,0x00000000d5580000,0x00000000d6b00000)
  from space 1536K, 75% used [0x00000000d6d80000,0x00000000d6ea0db0,0x00000000d6f00000)
  to   space 1536K, 0% used [0x00000000d6c00000,0x00000000d6c00000,0x00000000d6d80000)
 ParOldGen       total 68608K, used 31812K [0x0000000080000000, 0x0000000084300000, 0x00000000d5580000)
  object space 68608K, 46% used [0x0000000080000000,0x0000000081f11120,0x0000000084300000)
 Metaspace       used 37071K, committed 38080K, reserved 1114112K
  class space    used 3699K, committed 4096K, reserved 1048576K
}

Dll operation events (10 events):
Event: 0.007 Loaded shared library c:\Users\user\.cursor\extensions\redhat.java-1.44.0-win32-x64\jre\21.0.8-win32-x86_64\bin\java.dll
Event: 0.052 Loaded shared library c:\Users\user\.cursor\extensions\redhat.java-1.44.0-win32-x64\jre\21.0.8-win32-x86_64\bin\zip.dll
Event: 0.070 Loaded shared library C:\Users\user\.cursor\extensions\redhat.java-1.44.0-win32-x64\jre\21.0.8-win32-x86_64\bin\instrument.dll
Event: 0.074 Loaded shared library C:\Users\user\.cursor\extensions\redhat.java-1.44.0-win32-x64\jre\21.0.8-win32-x86_64\bin\net.dll
Event: 0.076 Loaded shared library C:\Users\user\.cursor\extensions\redhat.java-1.44.0-win32-x64\jre\21.0.8-win32-x86_64\bin\nio.dll
Event: 0.079 Loaded shared library C:\Users\user\.cursor\extensions\redhat.java-1.44.0-win32-x64\jre\21.0.8-win32-x86_64\bin\zip.dll
Event: 0.091 Loaded shared library C:\Users\user\.cursor\extensions\redhat.java-1.44.0-win32-x64\jre\21.0.8-win32-x86_64\bin\jimage.dll
Event: 0.145 Loaded shared library c:\Users\user\.cursor\extensions\redhat.java-1.44.0-win32-x64\jre\21.0.8-win32-x86_64\bin\verify.dll
Event: 2.315 Loaded shared library C:\Users\user\AppData\Roaming\Cursor\User\globalStorage\redhat.java\1.44.0\config_ss_win\org.eclipse.equinox.launcher\org.eclipse.equinox.launcher.win32.win32.x86_64_1.2.1400.v20250730-1736\eclipse_11913.dll
Event: 4.264 Loaded shared library C:\Users\user\AppData\Local\Temp\jna-3599307\jna8372881617463540225.dll

Deoptimization events (20 events):
Event: 8.216 Thread 0x0000027646646890 DEOPT PACKING pc=0x00000276722e89e0 sp=0x000000a1880fa310
Event: 8.216 Thread 0x0000027646646890 DEOPT UNPACKING pc=0x0000027671bf6da2 sp=0x000000a1880fa368 mode 2
Event: 8.450 Thread 0x0000027646646200 DEOPT PACKING pc=0x000002766a7c7744 sp=0x000000a187cfe370
Event: 8.450 Thread 0x0000027646646200 DEOPT UNPACKING pc=0x0000027671bf78e2 sp=0x000000a187cfd808 mode 0
Event: 8.450 Thread 0x0000027646642d80 DEOPT PACKING pc=0x000002766a7c7744 sp=0x000000a187ffe980
Event: 8.450 Thread 0x0000027646642d80 DEOPT UNPACKING pc=0x0000027671bf78e2 sp=0x000000a187ffde18 mode 0
Event: 8.450 Thread 0x0000027646643aa0 DEOPT PACKING pc=0x000002766a7c7744 sp=0x000000a187efe530
Event: 8.450 Thread 0x0000027646643aa0 DEOPT UNPACKING pc=0x0000027671bf78e2 sp=0x000000a187efd9c8 mode 0
Event: 8.450 Thread 0x0000027645f142e0 DEOPT PACKING pc=0x000002766a7c7744 sp=0x000000a186cfe1d0
Event: 8.450 Thread 0x0000027645f142e0 DEOPT UNPACKING pc=0x0000027671bf78e2 sp=0x000000a186cfd668 mode 0
Event: 8.451 Thread 0x0000027646646890 DEOPT PACKING pc=0x000002766a7c7744 sp=0x000000a1880fe940
Event: 8.451 Thread 0x0000027646644130 DEOPT PACKING pc=0x000002766a7c7744 sp=0x000000a187dfe700
Event: 8.451 Thread 0x0000027646646890 DEOPT UNPACKING pc=0x0000027671bf78e2 sp=0x000000a1880fddd8 mode 0
Event: 8.451 Thread 0x0000027646644130 DEOPT UNPACKING pc=0x0000027671bf78e2 sp=0x000000a187dfdb98 mode 0
Event: 8.468 Thread 0x0000027645f142e0 Uncommon trap: trap_request=0xffffff45 fr.pc=0x00000276721c04b4 relative=0x0000000000000954
Event: 8.468 Thread 0x0000027645f142e0 Uncommon trap: reason=unstable_if action=reinterpret pc=0x00000276721c04b4 method=org.eclipse.jdt.internal.compiler.util.CharDeduplication.sharedCopyOfRange([CII)[C @ 7 c2
Event: 8.468 Thread 0x0000027645f142e0 DEOPT PACKING pc=0x00000276721c04b4 sp=0x000000a186cfdf60
Event: 8.468 Thread 0x0000027645f142e0 DEOPT UNPACKING pc=0x0000027671bf6da2 sp=0x000000a186cfdf08 mode 2
Event: 8.491 Thread 0x0000027646643aa0 DEOPT PACKING pc=0x000002766a787939 sp=0x000000a187efcfa0
Event: 8.491 Thread 0x0000027646643aa0 DEOPT UNPACKING pc=0x0000027671bf78e2 sp=0x000000a187efc4a0 mode 0

Classes loaded (20 events):
Event: 7.059 Loading class java/lang/invoke/MethodHandleImpl$Makers$2
Event: 7.059 Loading class java/lang/invoke/MethodHandleImpl$Makers$2 done
Event: 7.059 Loading class java/lang/invoke/MethodHandleImpl$Makers$3
Event: 7.060 Loading class java/lang/invoke/MethodHandleImpl$Makers$3 done
Event: 7.068 Loading class java/lang/runtime/ObjectMethods$1
Event: 7.068 Loading class java/lang/runtime/ObjectMethods$1 done
Event: 7.276 Loading class java/lang/invoke/MethodHandleImpl$CountingWrapper
Event: 7.277 Loading class java/lang/invoke/MethodHandleImpl$CountingWrapper done
Event: 7.315 Loading class java/nio/channels/Channels$ReadableByteChannelImpl
Event: 7.316 Loading class java/nio/channels/Channels$ReadableByteChannelImpl done
Event: 7.317 Loading class java/nio/channels/NonWritableChannelException
Event: 7.317 Loading class java/nio/channels/NonWritableChannelException done
Event: 7.506 Loading class java/lang/invoke/MethodHandleImpl$CountingWrapper$1
Event: 7.507 Loading class java/lang/invoke/MethodHandleImpl$CountingWrapper$1 done
Event: 7.834 Loading class java/lang/ExceptionInInitializerError
Event: 7.835 Loading class java/lang/ExceptionInInitializerError done
Event: 8.047 Loading class sun/misc/Unsafe
Event: 8.048 Loading class sun/misc/Unsafe done
Event: 8.103 Loading class java/util/concurrent/ForkJoinTask$AdaptedCallable
Event: 8.104 Loading class java/util/concurrent/ForkJoinTask$AdaptedCallable done

Classes unloaded (20 events):
Event: 7.883 Thread 0x000002766516cb70 Unloading class 0x00000276013a1c00 'java/lang/invoke/LambdaForm$MH+0x00000276013a1c00'
Event: 7.883 Thread 0x000002766516cb70 Unloading class 0x00000276013a1800 'java/lang/invoke/LambdaForm$MH+0x00000276013a1800'
Event: 7.883 Thread 0x000002766516cb70 Unloading class 0x00000276013a1400 'java/lang/invoke/LambdaForm$MH+0x00000276013a1400'
Event: 7.883 Thread 0x000002766516cb70 Unloading class 0x00000276013a0c00 'java/lang/invoke/LambdaForm$MH+0x00000276013a0c00'
Event: 7.883 Thread 0x000002766516cb70 Unloading class 0x00000276013a0400 'java/lang/invoke/LambdaForm$MH+0x00000276013a0400'
Event: 7.883 Thread 0x000002766516cb70 Unloading class 0x00000276013a0800 'java/lang/invoke/LambdaForm$MH+0x00000276013a0800'
Event: 7.883 Thread 0x000002766516cb70 Unloading class 0x00000276013a0000 'java/lang/invoke/LambdaForm$MH+0x00000276013a0000'
Event: 7.883 Thread 0x000002766516cb70 Unloading class 0x000002760139fc00 'java/lang/invoke/LambdaForm$MH+0x000002760139fc00'
Event: 7.883 Thread 0x000002766516cb70 Unloading class 0x000002760139f400 'java/lang/invoke/LambdaForm$MH+0x000002760139f400'
Event: 7.883 Thread 0x000002766516cb70 Unloading class 0x000002760139f000 'java/lang/invoke/LambdaForm$MH+0x000002760139f000'
Event: 7.883 Thread 0x000002766516cb70 Unloading class 0x000002760139e800 'java/lang/invoke/LambdaForm$MH+0x000002760139e800'
Event: 7.883 Thread 0x000002766516cb70 Unloading class 0x000002760139ec00 'java/lang/invoke/LambdaForm$MH+0x000002760139ec00'
Event: 7.883 Thread 0x000002766516cb70 Unloading class 0x000002760139e400 'java/lang/invoke/LambdaForm$MH+0x000002760139e400'
Event: 7.883 Thread 0x000002766516cb70 Unloading class 0x000002760139dc00 'java/lang/invoke/LambdaForm$MH+0x000002760139dc00'
Event: 7.883 Thread 0x000002766516cb70 Unloading class 0x000002760139d400 'java/lang/invoke/LambdaForm$MH+0x000002760139d400'
Event: 7.883 Thread 0x000002766516cb70 Unloading class 0x000002760139e000 'java/lang/invoke/LambdaForm$MH+0x000002760139e000'
Event: 7.883 Thread 0x000002766516cb70 Unloading class 0x000002760139d800 'java/lang/invoke/LambdaForm$MH+0x000002760139d800'
Event: 7.883 Thread 0x000002766516cb70 Unloading class 0x000002760139cc00 'java/lang/invoke/LambdaForm$DMH+0x000002760139cc00'
Event: 7.883 Thread 0x000002766516cb70 Unloading class 0x000002760139c800 'java/lang/invoke/LambdaForm$DMH+0x000002760139c800'
Event: 7.883 Thread 0x000002766516cb70 Unloading class 0x000002760139c400 'java/lang/invoke/LambdaForm$DMH+0x000002760139c400'

Classes redefined (0 events):
No events

Internal exceptions (20 events):
Event: 7.282 Thread 0x0000027646646890 Exception <a 'java/lang/NoSuchMethodError'{0x00000000d6a7fda0}: 'int java.lang.invoke.Invokers$Holder.linkToTargetMethod(java.lang.Object, java.lang.Object, java.lang.Object)'> (0x00000000d6a7fda0) 
thrown [s\src\hotspot\share\interpreter\linkResolver.cpp, line 773]
Event: 7.282 Thread 0x0000027646646200 Exception <a 'java/lang/NoSuchMethodError'{0x00000000d6a38170}: 'int java.lang.invoke.Invokers$Holder.linkToTargetMethod(java.lang.Object, java.lang.Object, java.lang.Object)'> (0x00000000d6a38170) 
thrown [s\src\hotspot\share\interpreter\linkResolver.cpp, line 773]
Event: 7.282 Thread 0x0000027646644130 Exception <a 'java/lang/NoSuchMethodError'{0x00000000d69f95e8}: 'int java.lang.invoke.Invokers$Holder.linkToTargetMethod(java.lang.Object, java.lang.Object, java.lang.Object)'> (0x00000000d69f95e8) 
thrown [s\src\hotspot\share\interpreter\linkResolver.cpp, line 773]
Event: 7.282 Thread 0x0000027645f142e0 Exception <a 'java/lang/NoSuchMethodError'{0x00000000d6a84478}: 'int java.lang.invoke.Invokers$Holder.linkToTargetMethod(java.lang.Object, java.lang.Object, java.lang.Object)'> (0x00000000d6a84478) 
thrown [s\src\hotspot\share\interpreter\linkResolver.cpp, line 773]
Event: 8.100 Thread 0x0000027645f142e0 Exception <a 'sun/nio/fs/WindowsException'{0x00000000d5de5640}> (0x00000000d5de5640) 
thrown [s\src\hotspot\share\prims\jni.cpp, line 520]
Event: 8.106 Thread 0x0000027646649680 Exception <a 'sun/nio/fs/WindowsException'{0x00000000d5e20fe0}> (0x00000000d5e20fe0) 
thrown [s\src\hotspot\share\prims\jni.cpp, line 520]
Event: 8.107 Thread 0x0000027646649680 Exception <a 'sun/nio/fs/WindowsException'{0x00000000d5e26a60}> (0x00000000d5e26a60) 
thrown [s\src\hotspot\share\prims\jni.cpp, line 520]
Event: 8.107 Thread 0x00000276466482d0 Exception <a 'sun/nio/fs/WindowsException'{0x00000000d5e4e3c0}> (0x00000000d5e4e3c0) 
thrown [s\src\hotspot\share\prims\jni.cpp, line 520]
Event: 8.114 Thread 0x0000027646649d10 Exception <a 'sun/nio/fs/WindowsException'{0x00000000d5e60d38}> (0x00000000d5e60d38) 
thrown [s\src\hotspot\share\prims\jni.cpp, line 520]
Event: 8.115 Thread 0x0000027646648ff0 Exception <a 'sun/nio/fs/WindowsException'{0x00000000d5ea3208}> (0x00000000d5ea3208) 
thrown [s\src\hotspot\share\prims\jni.cpp, line 520]
Event: 8.115 Thread 0x0000027646648960 Exception <a 'sun/nio/fs/WindowsException'{0x00000000d5eb55f0}> (0x00000000d5eb55f0) 
thrown [s\src\hotspot\share\prims\jni.cpp, line 520]
Event: 8.115 Thread 0x0000027646647c40 Exception <a 'sun/nio/fs/WindowsException'{0x00000000d5f023c8}> (0x00000000d5f023c8) 
thrown [s\src\hotspot\share\prims\jni.cpp, line 520]
Event: 8.115 Thread 0x0000027646643aa0 Exception <a 'java/lang/LinkageError'{0x00000000d5f34e40}: loader lombok.launch.ShadowClassLoader @f51f996 attempted duplicate class definition for lombok.launch.PatchFixesHider$ValPortal. (lombok.launch.PatchFixesHider$ValPortal is in unnamed module of loader lombok.launch.ShadowClassLoader @f51f996, parent loader org.eclipse.osgi.internal.loader.EquinoxClassLoader @5fab0fd6)> (0x00000000d5f34e40) 
thrown [s\src\hotspot\share\classfile\systemDictionary.cpp, line 1682]
Event: 8.115 Thread 0x0000027646646890 Exception <a 'java/lang/LinkageError'{0x00000000d5f18158}: loader lombok.launch.ShadowClassLoader @f51f996 attempted duplicate class definition for lombok.launch.PatchFixesHider$ValPortal. (lombok.launch.PatchFixesHider$ValPortal is in unnamed module of loader lombok.launch.ShadowClassLoader @f51f996, parent loader org.eclipse.osgi.internal.loader.EquinoxClassLoader @5fab0fd6)> (0x00000000d5f18158) 
thrown [s\src\hotspot\share\classfile\systemDictionary.cpp, line 1682]
Event: 8.117 Thread 0x0000027646646f20 Exception <a 'sun/nio/fs/WindowsException'{0x00000000d5e917b8}> (0x00000000d5e917b8) 
thrown [s\src\hotspot\share\prims\jni.cpp, line 520]
Event: 8.122 Thread 0x0000027646644130 Exception <a 'java/lang/LinkageError'{0x00000000d5f8f070}: loader lombok.launch.ShadowClassLoader @f51f996 attempted duplicate class definition for lombok.launch.PatchFixesHider$ValPortal. (lombok.launch.PatchFixesHider$ValPortal is in unnamed module of loader lombok.launch.ShadowClassLoader @f51f996, parent loader org.eclipse.osgi.internal.loader.EquinoxClassLoader @5fab0fd6)> (0x00000000d5f8f070) 
thrown [s\src\hotspot\share\classfile\systemDictionary.cpp, line 1682]
Event: 8.122 Thread 0x0000027646642d80 Exception <a 'java/lang/LinkageError'{0x00000000d5f91198}: loader lombok.launch.ShadowClassLoader @f51f996 attempted duplicate class definition for lombok.launch.PatchFixesHider$ValPortal. (lombok.launch.PatchFixesHider$ValPortal is in unnamed module of loader lombok.launch.ShadowClassLoader @f51f996, parent loader org.eclipse.osgi.internal.loader.EquinoxClassLoader @5fab0fd6)> (0x00000000d5f91198) 
thrown [s\src\hotspot\share\classfile\systemDictionary.cpp, line 1682]
Event: 8.122 Thread 0x0000027646646f20 Exception <a 'sun/nio/fs/WindowsException'{0x00000000d5e96018}> (0x00000000d5e96018) 
thrown [s\src\hotspot\share\prims\jni.cpp, line 520]
Event: 8.490 Thread 0x0000027646642d80 Exception <a 'java/lang/LinkageError'{0x00000000d6017478}: loader lombok.launch.ShadowClassLoader @f51f996 attempted duplicate class definition for lombok.launch.PatchFixesHider$Transform. (lombok.launch.PatchFixesHider$Transform is in unnamed module of loader lombok.launch.ShadowClassLoader @f51f996, parent loader org.eclipse.osgi.internal.loader.EquinoxClassLoader @5fab0fd6)> (0x00000000d6017478) 
thrown [s\src\hotspot\share\classfile\systemDictionary.cpp, line 1682]
Event: 8.493 Thread 0x0000027645f142e0 Exception <a 'java/lang/LinkageError'{0x00000000d5fca868}: loader lombok.launch.ShadowClassLoader @f51f996 attempted duplicate class definition for lombok.launch.PatchFixesHider$Transform. (lombok.launch.PatchFixesHider$Transform is in unnamed module of loader lombok.launch.ShadowClassLoader @f51f996, parent loader org.eclipse.osgi.internal.loader.EquinoxClassLoader @5fab0fd6)> (0x00000000d5fca868) 
thrown [s\src\hotspot\share\classfile\systemDictionary.cpp, line 1682]

ZGC Phase Switch (0 events):
No events

VM Operations (20 events):
Event: 7.851 Executing VM operation: CollectForMetadataAllocation (Metadata GC Threshold)
Event: 7.852 Executing VM operation: CollectForMetadataAllocation (Metadata GC Threshold) done
Event: 7.852 Executing VM operation: ParallelGCSystemGC (GCLocker Initiated GC)
Event: 7.857 Executing VM operation: ParallelGCSystemGC (GCLocker Initiated GC) done
Event: 7.868 Executing VM operation: CollectForMetadataAllocation (Metadata GC Threshold)
Event: 7.936 Executing VM operation: CollectForMetadataAllocation (Metadata GC Threshold) done
Event: 7.937 Executing VM operation: CollectForMetadataAllocation (Metadata GC Threshold)
Event: 7.937 Executing VM operation: CollectForMetadataAllocation (Metadata GC Threshold) done
Event: 8.062 Executing VM operation: HandshakeAllThreads (Deoptimize)
Event: 8.062 Executing VM operation: HandshakeAllThreads (Deoptimize) done
Event: 8.080 Executing VM operation: HandshakeAllThreads (Deoptimize)
Event: 8.080 Executing VM operation: HandshakeAllThreads (Deoptimize) done
Event: 8.096 Executing VM operation: HandshakeAllThreads (Deoptimize)
Event: 8.097 Executing VM operation: HandshakeAllThreads (Deoptimize) done
Event: 8.205 Executing VM operation: ParallelGCFailedAllocation (Allocation Failure)
Event: 8.208 Executing VM operation: ParallelGCFailedAllocation (Allocation Failure) done
Event: 8.334 Executing VM operation: ParallelGCFailedAllocation (Allocation Failure)
Event: 8.337 Executing VM operation: ParallelGCFailedAllocation (Allocation Failure) done
Event: 8.448 Executing VM operation: HandshakeAllThreads (Deoptimize)
Event: 8.449 Executing VM operation: HandshakeAllThreads (Deoptimize) done

Memory protections (0 events):
No events

Nmethod flushes (20 events):
Event: 7.898 Thread 0x000002766516cb70 flushing  nmethod 0x000002766acb9310
Event: 7.898 Thread 0x000002766516cb70 flushing  nmethod 0x000002766acb9f10
Event: 7.898 Thread 0x000002766516cb70 flushing  nmethod 0x000002766acba790
Event: 7.898 Thread 0x000002766516cb70 flushing  nmethod 0x000002766acbc710
Event: 7.898 Thread 0x000002766516cb70 flushing  nmethod 0x000002766acc5790
Event: 7.898 Thread 0x000002766516cb70 flushing  nmethod 0x000002766ace0c10
Event: 7.898 Thread 0x000002766516cb70 flushing  nmethod 0x000002766ace3790
Event: 7.898 Thread 0x000002766516cb70 flushing  nmethod 0x000002766ad04a10
Event: 7.898 Thread 0x000002766516cb70 flushing  nmethod 0x000002766ad24790
Event: 7.898 Thread 0x000002766516cb70 flushing  nmethod 0x000002766ad25210
Event: 7.898 Thread 0x000002766516cb70 flushing  nmethod 0x000002766ad25c10
Event: 7.898 Thread 0x000002766516cb70 flushing  nmethod 0x000002766ad26790
Event: 7.898 Thread 0x000002766516cb70 flushing  nmethod 0x000002766ad26e90
Event: 7.898 Thread 0x000002766516cb70 flushing  nmethod 0x000002766ad2ad90
Event: 7.898 Thread 0x000002766516cb70 flushing  nmethod 0x000002766ad2c110
Event: 7.898 Thread 0x000002766516cb70 flushing  nmethod 0x000002766ad2dc90
Event: 7.898 Thread 0x000002766516cb70 flushing  nmethod 0x000002766ad3d310
Event: 7.898 Thread 0x000002766516cb70 flushing  nmethod 0x000002766ad50c90
Event: 7.898 Thread 0x000002766516cb70 flushing  nmethod 0x000002766ad52210
Event: 7.898 Thread 0x000002766516cb70 flushing  nmethod 0x000002766adb0590

Events (20 events):
Event: 6.510 Thread 0x0000027667491910 Thread added: 0x00000276466426f0
Event: 6.510 Thread 0x0000027667491910 Thread added: 0x0000027646646200
Event: 6.812 Thread 0x0000027646646200 Thread added: 0x0000027646644130
Event: 6.815 Thread 0x0000027646646200 Thread added: 0x0000027646643aa0
Event: 6.818 Thread 0x0000027646643aa0 Thread added: 0x0000027646642d80
Event: 6.824 Thread 0x0000027646646200 Thread added: 0x0000027646646890
Event: 8.105 Thread 0x0000027645f142e0 Thread added: 0x0000027646649680
Event: 8.106 Thread 0x0000027646649680 Thread added: 0x00000276466482d0
Event: 8.108 Thread 0x0000027646649680 Thread added: 0x0000027646649d10
Event: 8.108 Thread 0x00000276466482d0 Thread added: 0x0000027646648ff0
Event: 8.108 Thread 0x0000027646649d10 Thread added: 0x0000027646646f20
Event: 8.111 Thread 0x0000027646646f20 Thread added: 0x0000027646648960
Event: 8.113 Thread 0x00000276466482d0 Thread added: 0x0000027646647c40
Event: 8.114 Thread 0x0000027646648ff0 Thread added: 0x00000276466475b0
Event: 8.158 Thread 0x0000027645f142e0 Thread added: 0x000002764839d0c0
Event: 8.158 Thread 0x0000027645f142e0 Thread added: 0x000002764839d750
Event: 8.158 Thread 0x0000027645f142e0 Thread added: 0x000002764839a2d0
Event: 8.158 Thread 0x0000027645f142e0 Thread added: 0x000002764839dde0
Event: 8.158 Thread 0x0000027645f142e0 Thread added: 0x000002764839ca30
Event: 8.158 Thread 0x0000027645f142e0 Thread added: 0x000002764839bd10


Dynamic libraries:
0x00007ff6ac920000 - 0x00007ff6ac92e000 	c:\Users\user\.cursor\extensions\redhat.java-1.44.0-win32-x64\jre\21.0.8-win32-x86_64\bin\java.exe
0x00007ffa2f1a0000 - 0x00007ffa2f407000 	C:\WINDOWS\SYSTEM32\ntdll.dll
0x00007ffa2de60000 - 0x00007ffa2df29000 	C:\WINDOWS\System32\KERNEL32.DLL
0x00007ffa2c5d0000 - 0x00007ffa2c9c0000 	C:\WINDOWS\System32\KERNELBASE.dll
0x00007ffa27d50000 - 0x00007ffa27dee000 	C:\WINDOWS\SYSTEM32\apphelp.dll
0x00007ffa2cb40000 - 0x00007ffa2cc8b000 	C:\WINDOWS\System32\ucrtbase.dll
0x00007ff9a5900000 - 0x00007ff9a5918000 	c:\Users\user\.cursor\extensions\redhat.java-1.44.0-win32-x64\jre\21.0.8-win32-x86_64\bin\jli.dll
0x00007ff9a2ab0000 - 0x00007ff9a2ace000 	c:\Users\user\.cursor\extensions\redhat.java-1.44.0-win32-x64\jre\21.0.8-win32-x86_64\bin\VCRUNTIME140.dll
0x00007ffa2e3a0000 - 0x00007ffa2e565000 	C:\WINDOWS\System32\USER32.dll
0x00007ffa15e30000 - 0x00007ffa160ca000 	C:\WINDOWS\WinSxS\amd64_microsoft.windows.common-controls_6595b64144ccf1df_6.0.26100.4768_none_3e0c112ce331287c\COMCTL32.dll
0x00007ffa2cb10000 - 0x00007ffa2cb37000 	C:\WINDOWS\System32\win32u.dll
0x00007ffa2e250000 - 0x00007ffa2e2f9000 	C:\WINDOWS\System32\msvcrt.dll
0x00007ffa2f130000 - 0x00007ffa2f15b000 	C:\WINDOWS\System32\GDI32.dll
0x00007ffa2c9d0000 - 0x00007ffa2cb08000 	C:\WINDOWS\System32\gdi32full.dll
0x00007ffa2ce80000 - 0x00007ffa2cf23000 	C:\WINDOWS\System32\msvcp_win.dll
0x00007ffa2ee50000 - 0x00007ffa2ee7f000 	C:\WINDOWS\System32\IMM32.DLL
0x00007ff9cdd30000 - 0x00007ff9cdd3c000 	c:\Users\user\.cursor\extensions\redhat.java-1.44.0-win32-x64\jre\21.0.8-win32-x86_64\bin\vcruntime140_1.dll
0x00007ff990ef0000 - 0x00007ff990f7d000 	c:\Users\user\.cursor\extensions\redhat.java-1.44.0-win32-x64\jre\21.0.8-win32-x86_64\bin\msvcp140.dll
0x00007ff95f710000 - 0x00007ff9604a7000 	c:\Users\user\.cursor\extensions\redhat.java-1.44.0-win32-x64\jre\21.0.8-win32-x86_64\bin\server\jvm.dll
0x00007ffa2ee90000 - 0x00007ffa2ef44000 	C:\WINDOWS\System32\ADVAPI32.dll
0x00007ffa2d5f0000 - 0x00007ffa2d696000 	C:\WINDOWS\System32\sechost.dll
0x00007ffa2db50000 - 0x00007ffa2dc68000 	C:\WINDOWS\System32\RPCRT4.dll
0x00007ffa2efb0000 - 0x00007ffa2f024000 	C:\WINDOWS\System32\WS2_32.dll
0x00007ffa2c130000 - 0x00007ffa2c18e000 	C:\WINDOWS\SYSTEM32\POWRPROF.dll
0x00007ffa1df40000 - 0x00007ffa1df75000 	C:\WINDOWS\SYSTEM32\WINMM.dll
0x00007ffa22f40000 - 0x00007ffa22f4b000 	C:\WINDOWS\SYSTEM32\VERSION.dll
0x00007ffa2c110000 - 0x00007ffa2c124000 	C:\WINDOWS\SYSTEM32\UMPDC.dll
0x00007ffa2b050000 - 0x00007ffa2b06b000 	C:\WINDOWS\SYSTEM32\kernel.appcore.dll
0x00007ff9cbdd0000 - 0x00007ff9cbdda000 	c:\Users\user\.cursor\extensions\redhat.java-1.44.0-win32-x64\jre\21.0.8-win32-x86_64\bin\jimage.dll
0x00007ffa29770000 - 0x00007ffa299b1000 	C:\WINDOWS\SYSTEM32\DBGHELP.DLL
0x00007ffa2cf30000 - 0x00007ffa2d2b5000 	C:\WINDOWS\System32\combase.dll
0x00007ffa2f040000 - 0x00007ffa2f120000 	C:\WINDOWS\System32\OLEAUT32.dll
0x00007ff9fd020000 - 0x00007ff9fd063000 	C:\WINDOWS\SYSTEM32\dbgcore.DLL
0x00007ffa2cd20000 - 0x00007ffa2cdb9000 	C:\WINDOWS\System32\bcryptPrimitives.dll
0x00007ff9cbbc0000 - 0x00007ff9cbbcf000 	c:\Users\user\.cursor\extensions\redhat.java-1.44.0-win32-x64\jre\21.0.8-win32-x86_64\bin\instrument.dll
0x00007ff9a2960000 - 0x00007ff9a297f000 	c:\Users\user\.cursor\extensions\redhat.java-1.44.0-win32-x64\jre\21.0.8-win32-x86_64\bin\java.dll
0x00007ffa2e600000 - 0x00007ffa2ed4d000 	C:\WINDOWS\System32\SHELL32.dll
0x00007ffa2c450000 - 0x00007ffa2c5c3000 	C:\WINDOWS\System32\wintypes.dll
0x00007ffa29ed0000 - 0x00007ffa2a72f000 	C:\WINDOWS\SYSTEM32\windows.storage.dll
0x00007ffa2d4e0000 - 0x00007ffa2d5d5000 	C:\WINDOWS\System32\SHCORE.dll
0x00007ffa2e300000 - 0x00007ffa2e36a000 	C:\WINDOWS\System32\shlwapi.dll
0x00007ffa2c1f0000 - 0x00007ffa2c219000 	C:\WINDOWS\SYSTEM32\profapi.dll
0x00007ff99bbd0000 - 0x00007ff99bbe8000 	c:\Users\user\.cursor\extensions\redhat.java-1.44.0-win32-x64\jre\21.0.8-win32-x86_64\bin\zip.dll
0x00007ff9c9bc0000 - 0x00007ff9c9bd0000 	C:\Users\user\.cursor\extensions\redhat.java-1.44.0-win32-x64\jre\21.0.8-win32-x86_64\bin\net.dll
0x00007ffa281b0000 - 0x00007ffa282ce000 	C:\WINDOWS\SYSTEM32\WINHTTP.dll
0x00007ffa2b5e0000 - 0x00007ffa2b64b000 	C:\WINDOWS\system32\mswsock.dll
0x00007ff99b430000 - 0x00007ff99b446000 	C:\Users\user\.cursor\extensions\redhat.java-1.44.0-win32-x64\jre\21.0.8-win32-x86_64\bin\nio.dll
0x00007ff9c9aa0000 - 0x00007ff9c9ab0000 	c:\Users\user\.cursor\extensions\redhat.java-1.44.0-win32-x64\jre\21.0.8-win32-x86_64\bin\verify.dll
0x00007ff98f500000 - 0x00007ff98f545000 	C:\Users\user\AppData\Roaming\Cursor\User\globalStorage\redhat.java\1.44.0\config_ss_win\org.eclipse.equinox.launcher\org.eclipse.equinox.launcher.win32.win32.x86_64_1.2.1400.v20250730-1736\eclipse_11913.dll
0x00007ffa2e0a0000 - 0x00007ffa2e240000 	C:\WINDOWS\System32\ole32.dll
0x00007ffa2b8a0000 - 0x00007ffa2b8bb000 	C:\WINDOWS\SYSTEM32\CRYPTSP.dll
0x00007ffa2afb0000 - 0x00007ffa2afeb000 	C:\WINDOWS\system32\rsaenh.dll
0x00007ffa2b680000 - 0x00007ffa2b6ab000 	C:\WINDOWS\SYSTEM32\USERENV.dll
0x00007ffa2c1c0000 - 0x00007ffa2c1e6000 	C:\WINDOWS\SYSTEM32\bcrypt.dll
0x00007ffa2b8c0000 - 0x00007ffa2b8cc000 	C:\WINDOWS\SYSTEM32\CRYPTBASE.dll
0x00007ffa2aa60000 - 0x00007ffa2aa93000 	C:\WINDOWS\SYSTEM32\IPHLPAPI.DLL
0x00007ffa2d2c0000 - 0x00007ffa2d2ca000 	C:\WINDOWS\System32\NSI.dll
0x00007ff991c90000 - 0x00007ff991cd9000 	C:\Users\user\AppData\Local\Temp\jna-3599307\jna8372881617463540225.dll
0x00007ffa2d5e0000 - 0x00007ffa2d5e8000 	C:\WINDOWS\System32\PSAPI.DLL
0x00007ffa28340000 - 0x00007ffa2835f000 	C:\WINDOWS\SYSTEM32\dhcpcsvc6.DLL
0x00007ffa28310000 - 0x00007ffa28335000 	C:\WINDOWS\SYSTEM32\dhcpcsvc.DLL

JVMTI agents:
c:\Users\user\.cursor\extensions\redhat.java-1.44.0-win32-x64\lombok\lombok-1.18.39-4050.jar path:c:\Users\user\.cursor\extensions\redhat.java-1.44.0-win32-x64\jre\21.0.8-win32-x86_64\bin\instrument.dll, loaded, initialized, instrumentlib options:none

dbghelp: loaded successfully - version: 4.0.5 - missing functions: none
symbol engine: initialized successfully - sym options: 0x614 - pdb path: .;c:\Users\user\.cursor\extensions\redhat.java-1.44.0-win32-x64\jre\21.0.8-win32-x86_64\bin;C:\WINDOWS\SYSTEM32;C:\WINDOWS\WinSxS\amd64_microsoft.windows.common-controls_6595b64144ccf1df_6.0.26100.4768_none_3e0c112ce331287c;c:\Users\user\.cursor\extensions\redhat.java-1.44.0-win32-x64\jre\21.0.8-win32-x86_64\bin\server;C:\Users\user\AppData\Roaming\Cursor\User\globalStorage\redhat.java\1.44.0\config_ss_win\org.eclipse.equinox.launcher\org.eclipse.equinox.launcher.win32.win32.x86_64_1.2.1400.v20250730-1736;C:\Users\user\AppData\Local\Temp\jna-3599307

VM Arguments:
jvm_args: --add-modules=ALL-SYSTEM --add-opens=java.base/java.util=ALL-UNNAMED --add-opens=java.base/java.lang=ALL-UNNAMED --add-opens=java.base/sun.nio.fs=ALL-UNNAMED -Declipse.application=org.eclipse.jdt.ls.core.id1 -Dosgi.bundles.defaultStartLevel=4 -Declipse.product=org.eclipse.jdt.ls.core.product -Djava.import.generatesMetadataFilesAtProjectRoot=false -DDetectVMInstallationsJob.disabled=true -Dfile.encoding=utf8 -XX:+UseParallelGC -XX:GCTimeRatio=4 -XX:AdaptiveSizePolicyWeight=90 -Dsun.zip.disableMemoryMapping=true -Xmx2G -Xms100m -Xlog:disable -javaagent:c:\Users\user\.cursor\extensions\redhat.java-1.44.0-win32-x64\lombok\lombok-1.18.39-4050.jar 
java_command: c:\Users\user\.cursor\extensions\redhat.java-1.44.0-win32-x64\server\plugins\org.eclipse.equinox.launcher_1.7.0.v20250519-0528.jar -configuration c:\Users\user\AppData\Roaming\Cursor\User\globalStorage\redhat.java\1.44.0\config_ss_win -data c:\Users\user\AppData\Roaming\Cursor\User\workspaceStorage\3a790ddb6a94b66f6663281c54469c45\redhat.java\ss_ws --pipe=\\.\pipe\lsp-2c2714775bca31d5abe9f25a739e7e19-sock
java_class_path (initial): c:\Users\user\.cursor\extensions\redhat.java-1.44.0-win32-x64\server\plugins\org.eclipse.equinox.launcher_1.7.0.v20250519-0528.jar
Launcher Type: SUN_STANDARD

[Global flags]
    uintx AdaptiveSizePolicyWeight                 = 90                                        {product} {command line}
     intx CICompilerCount                          = 4                                         {product} {ergonomic}
    uintx GCTimeRatio                              = 4                                         {product} {command line}
   size_t InitialHeapSize                          = 104857600                                 {product} {command line}
   size_t MaxHeapSize                              = 2147483648                                {product} {command line}
   size_t MaxNewSize                               = 715653120                                 {product} {ergonomic}
   size_t MinHeapDeltaBytes                        = 524288                                    {product} {ergonomic}
   size_t MinHeapSize                              = 104857600                                 {product} {command line}
   size_t NewSize                                  = 34603008                                  {product} {ergonomic}
    uintx NonNMethodCodeHeapSize                   = 5839372                                {pd product} {ergonomic}
    uintx NonProfiledCodeHeapSize                  = 122909434                              {pd product} {ergonomic}
   size_t OldSize                                  = 70254592                                  {product} {ergonomic}
    uintx ProfiledCodeHeapSize                     = 122909434                              {pd product} {ergonomic}
    uintx ReservedCodeCacheSize                    = 251658240                              {pd product} {ergonomic}
     bool SegmentedCodeCache                       = true                                      {product} {ergonomic}
   size_t SoftMaxHeapSize                          = 2147483648                             {manageable} {ergonomic}
     bool UseCompressedOops                        = true                           {product lp64_product} {ergonomic}
     bool UseLargePagesIndividualAllocation        = false                                  {pd product} {ergonomic}
     bool UseParallelGC                            = true                                      {product} {command line}

Logging:
Log output configuration:
 #0: stdout all=off uptime,level,tags foldmultilines=false
 #1: stderr all=off uptime,level,tags foldmultilines=false

Environment Variables:
JAVA_HOME=C:\Program Files\Java\jdk-21
PATH=C:\Program Files\Common Files\Oracle\Java\javapath;C:\Program Files (x86)\VMware\VMware Player\bin\;C:\Program Files\Python311\Scripts\;C:\Program Files\Python311\;C:\Program Files\Microsoft\jdk-11.0.16.101-hotspot\bin;C:\Windows;C:\Windows\System32\Wbem;C:\Windows\System32\WindowsPowerShell\v1.0\;C:\Windows\System32\OpenSSH\;C:\Program Files (x86)\NVIDIA Corporation\PhysX\Common;C:\WINDOWS\system32;C:\WINDOWS;C:\WINDOWS\System32\Wbem;C:\WINDOWS\System32\WindowsPowerShell\v1.0\;C:\WINDOWS\System32\OpenSSH\;C:\MinGW\bin;C:\Program Files\Java\jdk-21\bin;C:\Program Files (x86)\Microsoft SQL Server\160\Tools\Binn\;C:\Program Files\Microsoft SQL Server\160\Tools\Binn\;C:\Program Files\Microsoft SQL Server\Client SDK\ODBC\170\Tools\Binn\;C:\Program Files\Microsoft SQL Server\160\DTS\Binn\;C:\Program Files (x86)\Microsoft SQL Server\160\DTS\Binn\;C:\Program Files\Azure Data Studio\bin;C:\Program Files\NVIDIA Corporation\NVIDIA app\NvDLISR;C:\Program Files\Git\cmd;C:\Program Files\Microsoft SQL Server\150\Tools\Binn\;C:\Program Files\dotnet\;C:\Program Files (x86)\Windows Kits\10\Windows Performance Toolkit\;C:\Program Files\nodejs\;C:\Users\user\AppData\Local\Microsoft\WindowsApps;C:\Users\user\.dotnet\tools;C:\Users\user\AppData\Local\Programs\Microsoft VS Code\bin;C:\Program Files\nodejs\;C:\Program Files\Azure Data Studio\bin;C:\Users\user\AppData\Local\atom\bin;C:\Users\user\AppData\Local\Microsoft\WindowsApps;C:\Users\user\.dotnet\tools;C:\Users\user\AppData\Roaming\npm;C:\Users\user\AppData\Local\Programs\cursor\resources\app\bin
USERNAME=user
OS=Windows_NT
PROCESSOR_IDENTIFIER=Intel64 Family 6 Model 140 Stepping 1, GenuineIntel
TMP=C:\Users\user\AppData\Local\Temp
TEMP=C:\Users\user\AppData\Local\Temp




Periodic native trim disabled

---------------  S Y S T E M  ---------------

OS:
 Windows 11 , 64 bit Build 26100 (10.0.26100.4768)
OS uptime: 3 days 6:57 hours

CPU: total 8 (initial active 8) (4 cores per cpu, 2 threads per core) family 6 model 140 stepping 1 microcode 0x86, cx8, cmov, fxsr, ht, mmx, 3dnowpref, sse, sse2, sse3, ssse3, sse4.1, sse4.2, popcnt, lzcnt, tsc, tscinvbit, avx, avx2, aes, erms, clmul, bmi1, bmi2, adx, avx512f, avx512dq, avx512cd, avx512bw, avx512vl, sha, fma, vzeroupper, avx512_vpopcntdq, avx512_vpclmulqdq, avx512_vaes, avx512_vnni, clflush, clflushopt, clwb, avx512_vbmi2, avx512_vbmi, rdtscp, rdpid, fsrm, gfni, avx512_bitalg, f16c, pku, cet_ibt, cet_ss, avx512_ifma
Processor Information for the first 8 processors :
  Max Mhz: 3110, Current Mhz: 3110, Mhz Limit: 3110

Memory: 4k page, system-wide physical 16167M (1922M free)
TotalPageFile size 24309M (AvailPageFile size 3M)
current process WorkingSet (physical memory assigned to process): 241M, peak: 241M
current process commit charge ("private bytes"): 348M, peak: 348M

vm_info: OpenJDK 64-Bit Server VM (21.0.8+9-LTS) for windows-amd64 JRE (21.0.8+9-LTS), built on 2025-07-15T00:00:00Z by "admin" with MS VC++ 17.7 (VS2022)

END.
